[2026-07-10 11:52:25] WARNING  | awr_seg_gbl_cache_buff_busy_parser | ⚠️ Segments by Global Cache Buffer Busy section not found.
[2026-07-10 11:52:25] WARNING  | awr_seg_gbl_cache_buff_busy_parser | ⚠️ No records to insert into awr_seg_gbl_cache_buff_busy
[2026-07-10 11:53:12] WARNING  | awr_seg_gbl_cache_buff_busy_parser | ⚠️ Segments by Global Cache Buffer Busy section not found.
[2026-07-10 11:53:12] WARNING  | awr_seg_gbl_cache_buff_busy_parser | ⚠️ No records to insert into awr_seg_gbl_cache_buff_busy
[2026-07-10 11:53:19] WARNING  | awr_seg_gbl_cache_buff_busy_parser | ⚠️ Segments by Global Cache Buffer Busy section not found.
[2026-07-10 11:53:19] WARNING  | awr_seg_gbl_cache_buff_busy_parser | ⚠️ No records to insert into awr_seg_gbl_cache_buff_busy
[2026-07-10 11:53:44] INFO     | awr_seg_gbl_cache_buff_busy_parser | Found 5 rows in Segments by Global Cache Buffer Busy section
[2026-07-10 11:53:44] INFO     | awr_seg_gbl_cache_buff_busy_parser | ✅ Parsed 5 Segments by Global Cache Buffer Busy records
[2026-07-10 11:53:44] INFO     | awr_seg_gbl_cache_buff_busy_parser | ✅ Inserted 5 rows into awr_seg_gbl_cache_buff_busy
[2026-07-10 11:54:13] WARNING  | awr_seg_gbl_cache_buff_busy_parser | ⚠️ Segments by Global Cache Buffer Busy section not found.
[2026-07-10 11:54:13] WARNING  | awr_seg_gbl_cache_buff_busy_parser | ⚠️ No records to insert into awr_seg_gbl_cache_buff_busy
[2026-07-10 11:54:24] WARNING  | awr_seg_gbl_cache_buff_busy_parser | ⚠️ Segments by Global Cache Buffer Busy section not found.
[2026-07-10 11:54:24] WARNING  | awr_seg_gbl_cache_buff_busy_parser | ⚠️ No records to insert into awr_seg_gbl_cache_buff_busy
[2026-07-10 11:54:55] INFO     | awr_seg_gbl_cache_buff_busy_parser | Found 5 rows in Segments by Global Cache Buffer Busy section
[2026-07-10 11:54:55] INFO     | awr_seg_gbl_cache_buff_busy_parser | ✅ Parsed 5 Segments by Global Cache Buffer Busy records
[2026-07-10 11:54:55] INFO     | awr_seg_gbl_cache_buff_busy_parser | ✅ Inserted 5 rows into awr_seg_gbl_cache_buff_busy
[2026-07-10 11:55:05] WARNING  | awr_seg_gbl_cache_buff_busy_parser | ⚠️ Segments by Global Cache Buffer Busy section not found.
[2026-07-10 11:55:05] WARNING  | awr_seg_gbl_cache_buff_busy_parser | ⚠️ No records to insert into awr_seg_gbl_cache_buff_busy
[2026-07-10 11:55:34] WARNING  | awr_seg_gbl_cache_buff_busy_parser | ⚠️ Segments by Global Cache Buffer Busy section not found.
[2026-07-10 11:55:34] WARNING  | awr_seg_gbl_cache_buff_busy_parser | ⚠️ No records to insert into awr_seg_gbl_cache_buff_busy
[2026-07-10 11:55:55] WARNING  | awr_seg_gbl_cache_buff_busy_parser | ⚠️ Segments by Global Cache Buffer Busy section not found.
[2026-07-10 11:55:55] WARNING  | awr_seg_gbl_cache_buff_busy_parser | ⚠️ No records to insert into awr_seg_gbl_cache_buff_busy
[2026-07-10 11:56:06] INFO     | awr_seg_gbl_cache_buff_busy_parser | Found 5 rows in Segments by Global Cache Buffer Busy section
[2026-07-10 11:56:06] INFO     | awr_seg_gbl_cache_buff_busy_parser | ✅ Parsed 5 Segments by Global Cache Buffer Busy records
[2026-07-10 11:56:06] INFO     | awr_seg_gbl_cache_buff_busy_parser | ✅ Inserted 5 rows into awr_seg_gbl_cache_buff_busy
[2026-07-10 11:56:45] WARNING  | awr_seg_gbl_cache_buff_busy_parser | ⚠️ Segments by Global Cache Buffer Busy section not found.
[2026-07-10 11:56:45] WARNING  | awr_seg_gbl_cache_buff_busy_parser | ⚠️ No records to insert into awr_seg_gbl_cache_buff_busy
[2026-07-10 11:56:46] WARNING  | awr_seg_gbl_cache_buff_busy_parser | ⚠️ Segments by Global Cache Buffer Busy section not found.
[2026-07-10 11:56:46] WARNING  | awr_seg_gbl_cache_buff_busy_parser | ⚠️ No records to insert into awr_seg_gbl_cache_buff_busy
[2026-07-10 11:57:21] INFO     | awr_seg_gbl_cache_buff_busy_parser | Found 5 rows in Segments by Global Cache Buffer Busy section
[2026-07-10 11:57:21] INFO     | awr_seg_gbl_cache_buff_busy_parser | ✅ Parsed 5 Segments by Global Cache Buffer Busy records
[2026-07-10 11:57:21] INFO     | awr_seg_gbl_cache_buff_busy_parser | ✅ Inserted 5 rows into awr_seg_gbl_cache_buff_busy
[2026-07-10 11:57:36] WARNING  | awr_seg_gbl_cache_buff_busy_parser | ⚠️ Segments by Global Cache Buffer Busy section not found.
[2026-07-10 11:57:36] WARNING  | awr_seg_gbl_cache_buff_busy_parser | ⚠️ No records to insert into awr_seg_gbl_cache_buff_busy
[2026-07-10 11:58:00] WARNING  | awr_seg_gbl_cache_buff_busy_parser | ⚠️ Segments by Global Cache Buffer Busy section not found.
[2026-07-10 11:58:00] WARNING  | awr_seg_gbl_cache_buff_busy_parser | ⚠️ No records to insert into awr_seg_gbl_cache_buff_busy
[2026-07-10 11:58:22] WARNING  | awr_seg_gbl_cache_buff_busy_parser | ⚠️ Segments by Global Cache Buffer Busy section not found.
[2026-07-10 11:58:22] WARNING  | awr_seg_gbl_cache_buff_busy_parser | ⚠️ No records to insert into awr_seg_gbl_cache_buff_busy
[2026-07-10 11:58:35] INFO     | awr_seg_gbl_cache_buff_busy_parser | Found 5 rows in Segments by Global Cache Buffer Busy section
[2026-07-10 11:58:35] INFO     | awr_seg_gbl_cache_buff_busy_parser | ✅ Parsed 5 Segments by Global Cache Buffer Busy records
[2026-07-10 11:58:35] INFO     | awr_seg_gbl_cache_buff_busy_parser | ✅ Inserted 5 rows into awr_seg_gbl_cache_buff_busy
[2026-07-10 11:59:09] WARNING  | awr_seg_gbl_cache_buff_busy_parser | ⚠️ Segments by Global Cache Buffer Busy section not found.
[2026-07-10 11:59:09] WARNING  | awr_seg_gbl_cache_buff_busy_parser | ⚠️ No records to insert into awr_seg_gbl_cache_buff_busy
[2026-07-10 11:59:12] WARNING  | awr_seg_gbl_cache_buff_busy_parser | ⚠️ Segments by Global Cache Buffer Busy section not found.
[2026-07-10 11:59:12] WARNING  | awr_seg_gbl_cache_buff_busy_parser | ⚠️ No records to insert into awr_seg_gbl_cache_buff_busy
[2026-07-10 11:59:49] INFO     | awr_seg_gbl_cache_buff_busy_parser | Found 5 rows in Segments by Global Cache Buffer Busy section
[2026-07-10 11:59:49] INFO     | awr_seg_gbl_cache_buff_busy_parser | ✅ Parsed 5 Segments by Global Cache Buffer Busy records
[2026-07-10 11:59:49] INFO     | awr_seg_gbl_cache_buff_busy_parser | ✅ Inserted 5 rows into awr_seg_gbl_cache_buff_busy
[2026-07-10 11:59:57] WARNING  | awr_seg_gbl_cache_buff_busy_parser | ⚠️ Segments by Global Cache Buffer Busy section not found.
[2026-07-10 11:59:57] WARNING  | awr_seg_gbl_cache_buff_busy_parser | ⚠️ No records to insert into awr_seg_gbl_cache_buff_busy
[2026-07-10 12:00:23] WARNING  | awr_seg_gbl_cache_buff_busy_parser | ⚠️ Segments by Global Cache Buffer Busy section not found.
[2026-07-10 12:00:23] WARNING  | awr_seg_gbl_cache_buff_busy_parser | ⚠️ No records to insert into awr_seg_gbl_cache_buff_busy
[2026-07-10 12:00:48] WARNING  | awr_seg_gbl_cache_buff_busy_parser | ⚠️ Segments by Global Cache Buffer Busy section not found.
[2026-07-10 12:00:48] WARNING  | awr_seg_gbl_cache_buff_busy_parser | ⚠️ No records to insert into awr_seg_gbl_cache_buff_busy
[2026-07-10 12:00:56] INFO     | awr_seg_gbl_cache_buff_busy_parser | Found 5 rows in Segments by Global Cache Buffer Busy section
[2026-07-10 12:00:56] INFO     | awr_seg_gbl_cache_buff_busy_parser | ✅ Parsed 5 Segments by Global Cache Buffer Busy records
[2026-07-10 12:00:56] INFO     | awr_seg_gbl_cache_buff_busy_parser | ✅ Inserted 5 rows into awr_seg_gbl_cache_buff_busy
[2026-07-10 12:01:32] WARNING  | awr_seg_gbl_cache_buff_busy_parser | ⚠️ Segments by Global Cache Buffer Busy section not found.
[2026-07-10 12:01:32] WARNING  | awr_seg_gbl_cache_buff_busy_parser | ⚠️ No records to insert into awr_seg_gbl_cache_buff_busy
[2026-07-10 12:01:40] WARNING  | awr_seg_gbl_cache_buff_busy_parser | ⚠️ Segments by Global Cache Buffer Busy section not found.
[2026-07-10 12:01:40] WARNING  | awr_seg_gbl_cache_buff_busy_parser | ⚠️ No records to insert into awr_seg_gbl_cache_buff_busy
[2026-07-10 12:02:03] INFO     | awr_seg_gbl_cache_buff_busy_parser | Found 5 rows in Segments by Global Cache Buffer Busy section
[2026-07-10 12:02:03] INFO     | awr_seg_gbl_cache_buff_busy_parser | ✅ Parsed 5 Segments by Global Cache Buffer Busy records
[2026-07-10 12:02:03] INFO     | awr_seg_gbl_cache_buff_busy_parser | ✅ Inserted 5 rows into awr_seg_gbl_cache_buff_busy
[2026-07-10 12:02:31] WARNING  | awr_seg_gbl_cache_buff_busy_parser | ⚠️ Segments by Global Cache Buffer Busy section not found.
[2026-07-10 12:02:31] WARNING  | awr_seg_gbl_cache_buff_busy_parser | ⚠️ No records to insert into awr_seg_gbl_cache_buff_busy
[2026-07-10 12:02:41] WARNING  | awr_seg_gbl_cache_buff_busy_parser | ⚠️ Segments by Global Cache Buffer Busy section not found.
[2026-07-10 12:02:41] WARNING  | awr_seg_gbl_cache_buff_busy_parser | ⚠️ No records to insert into awr_seg_gbl_cache_buff_busy
[2026-07-10 12:03:11] INFO     | awr_seg_gbl_cache_buff_busy_parser | Found 5 rows in Segments by Global Cache Buffer Busy section
[2026-07-10 12:03:11] INFO     | awr_seg_gbl_cache_buff_busy_parser | ✅ Parsed 5 Segments by Global Cache Buffer Busy records
[2026-07-10 12:03:11] INFO     | awr_seg_gbl_cache_buff_busy_parser | ✅ Inserted 5 rows into awr_seg_gbl_cache_buff_busy
[2026-07-10 12:03:19] WARNING  | awr_seg_gbl_cache_buff_busy_parser | ⚠️ Segments by Global Cache Buffer Busy section not found.
[2026-07-10 12:03:19] WARNING  | awr_seg_gbl_cache_buff_busy_parser | ⚠️ No records to insert into awr_seg_gbl_cache_buff_busy
[2026-07-10 12:03:51] WARNING  | awr_seg_gbl_cache_buff_busy_parser | ⚠️ Segments by Global Cache Buffer Busy section not found.
[2026-07-10 12:03:51] WARNING  | awr_seg_gbl_cache_buff_busy_parser | ⚠️ No records to insert into awr_seg_gbl_cache_buff_busy
[2026-07-10 12:04:07] WARNING  | awr_seg_gbl_cache_buff_busy_parser | ⚠️ Segments by Global Cache Buffer Busy section not found.
[2026-07-10 12:04:07] WARNING  | awr_seg_gbl_cache_buff_busy_parser | ⚠️ No records to insert into awr_seg_gbl_cache_buff_busy
[2026-07-10 12:04:20] INFO     | awr_seg_gbl_cache_buff_busy_parser | Found 5 rows in Segments by Global Cache Buffer Busy section
[2026-07-10 12:04:20] INFO     | awr_seg_gbl_cache_buff_busy_parser | ✅ Parsed 5 Segments by Global Cache Buffer Busy records
[2026-07-10 12:04:20] INFO     | awr_seg_gbl_cache_buff_busy_parser | ✅ Inserted 5 rows into awr_seg_gbl_cache_buff_busy
[2026-07-10 12:04:59] WARNING  | awr_seg_gbl_cache_buff_busy_parser | ⚠️ Segments by Global Cache Buffer Busy section not found.
[2026-07-10 12:04:59] WARNING  | awr_seg_gbl_cache_buff_busy_parser | ⚠️ No records to insert into awr_seg_gbl_cache_buff_busy
[2026-07-10 12:05:03] WARNING  | awr_seg_gbl_cache_buff_busy_parser | ⚠️ Segments by Global Cache Buffer Busy section not found.
[2026-07-10 12:05:03] WARNING  | awr_seg_gbl_cache_buff_busy_parser | ⚠️ No records to insert into awr_seg_gbl_cache_buff_busy
[2026-07-10 12:05:33] INFO     | awr_seg_gbl_cache_buff_busy_parser | Found 5 rows in Segments by Global Cache Buffer Busy section
[2026-07-10 12:05:33] INFO     | awr_seg_gbl_cache_buff_busy_parser | ✅ Parsed 5 Segments by Global Cache Buffer Busy records
[2026-07-10 12:05:33] INFO     | awr_seg_gbl_cache_buff_busy_parser | ✅ Inserted 5 rows into awr_seg_gbl_cache_buff_busy
[2026-07-10 12:05:54] WARNING  | awr_seg_gbl_cache_buff_busy_parser | ⚠️ Segments by Global Cache Buffer Busy section not found.
[2026-07-10 12:05:54] WARNING  | awr_seg_gbl_cache_buff_busy_parser | ⚠️ No records to insert into awr_seg_gbl_cache_buff_busy
[2026-07-10 12:06:15] WARNING  | awr_seg_gbl_cache_buff_busy_parser | ⚠️ Segments by Global Cache Buffer Busy section not found.
[2026-07-10 12:06:15] WARNING  | awr_seg_gbl_cache_buff_busy_parser | ⚠️ No records to insert into awr_seg_gbl_cache_buff_busy
[2026-07-10 12:06:46] INFO     | awr_seg_gbl_cache_buff_busy_parser | Found 5 rows in Segments by Global Cache Buffer Busy section
[2026-07-10 12:06:46] INFO     | awr_seg_gbl_cache_buff_busy_parser | ✅ Parsed 5 Segments by Global Cache Buffer Busy records
[2026-07-10 12:06:46] INFO     | awr_seg_gbl_cache_buff_busy_parser | ✅ Inserted 5 rows into awr_seg_gbl_cache_buff_busy
[2026-07-10 12:06:49] WARNING  | awr_seg_gbl_cache_buff_busy_parser | ⚠️ Segments by Global Cache Buffer Busy section not found.
[2026-07-10 12:06:49] WARNING  | awr_seg_gbl_cache_buff_busy_parser | ⚠️ No records to insert into awr_seg_gbl_cache_buff_busy
[2026-07-10 12:07:23] WARNING  | awr_seg_gbl_cache_buff_busy_parser | ⚠️ Segments by Global Cache Buffer Busy section not found.
[2026-07-10 12:07:23] WARNING  | awr_seg_gbl_cache_buff_busy_parser | ⚠️ No records to insert into awr_seg_gbl_cache_buff_busy
[2026-07-10 12:07:56] INFO     | awr_seg_gbl_cache_buff_busy_parser | Found 5 rows in Segments by Global Cache Buffer Busy section
[2026-07-10 12:07:56] INFO     | awr_seg_gbl_cache_buff_busy_parser | ✅ Parsed 5 Segments by Global Cache Buffer Busy records
[2026-07-10 12:07:56] INFO     | awr_seg_gbl_cache_buff_busy_parser | ✅ Inserted 5 rows into awr_seg_gbl_cache_buff_busy
[2026-07-10 12:08:33] WARNING  | awr_seg_gbl_cache_buff_busy_parser | ⚠️ Segments by Global Cache Buffer Busy section not found.
[2026-07-10 12:08:33] WARNING  | awr_seg_gbl_cache_buff_busy_parser | ⚠️ No records to insert into awr_seg_gbl_cache_buff_busy
[2026-07-10 12:09:07] INFO     | awr_seg_gbl_cache_buff_busy_parser | Found 5 rows in Segments by Global Cache Buffer Busy section
[2026-07-10 12:09:07] INFO     | awr_seg_gbl_cache_buff_busy_parser | ✅ Parsed 5 Segments by Global Cache Buffer Busy records
[2026-07-10 12:09:07] INFO     | awr_seg_gbl_cache_buff_busy_parser | ✅ Inserted 5 rows into awr_seg_gbl_cache_buff_busy
[2026-07-10 12:09:42] WARNING  | awr_seg_gbl_cache_buff_busy_parser | ⚠️ Segments by Global Cache Buffer Busy section not found.
[2026-07-10 12:09:42] WARNING  | awr_seg_gbl_cache_buff_busy_parser | ⚠️ No records to insert into awr_seg_gbl_cache_buff_busy
[2026-07-10 12:09:59] WARNING  | awr_seg_gbl_cache_buff_busy_parser | ⚠️ Segments by Global Cache Buffer Busy section not found.
[2026-07-10 12:09:59] WARNING  | awr_seg_gbl_cache_buff_busy_parser | ⚠️ No records to insert into awr_seg_gbl_cache_buff_busy
[2026-07-10 12:10:18] INFO     | awr_seg_gbl_cache_buff_busy_parser | Found 5 rows in Segments by Global Cache Buffer Busy section
[2026-07-10 12:10:18] INFO     | awr_seg_gbl_cache_buff_busy_parser | ✅ Parsed 5 Segments by Global Cache Buffer Busy records
[2026-07-10 12:10:18] INFO     | awr_seg_gbl_cache_buff_busy_parser | ✅ Inserted 5 rows into awr_seg_gbl_cache_buff_busy
[2026-07-10 12:10:52] WARNING  | awr_seg_gbl_cache_buff_busy_parser | ⚠️ Segments by Global Cache Buffer Busy section not found.
[2026-07-10 12:10:52] WARNING  | awr_seg_gbl_cache_buff_busy_parser | ⚠️ No records to insert into awr_seg_gbl_cache_buff_busy
[2026-07-10 12:10:53] WARNING  | awr_seg_gbl_cache_buff_busy_parser | ⚠️ Segments by Global Cache Buffer Busy section not found.
[2026-07-10 12:10:53] WARNING  | awr_seg_gbl_cache_buff_busy_parser | ⚠️ No records to insert into awr_seg_gbl_cache_buff_busy
[2026-07-10 12:11:33] INFO     | awr_seg_gbl_cache_buff_busy_parser | Found 5 rows in Segments by Global Cache Buffer Busy section
[2026-07-10 12:11:33] INFO     | awr_seg_gbl_cache_buff_busy_parser | ✅ Parsed 5 Segments by Global Cache Buffer Busy records
[2026-07-10 12:11:33] INFO     | awr_seg_gbl_cache_buff_busy_parser | ✅ Inserted 5 rows into awr_seg_gbl_cache_buff_busy
[2026-07-10 12:11:51] WARNING  | awr_seg_gbl_cache_buff_busy_parser | ⚠️ Segments by Global Cache Buffer Busy section not found.
[2026-07-10 12:11:51] WARNING  | awr_seg_gbl_cache_buff_busy_parser | ⚠️ No records to insert into awr_seg_gbl_cache_buff_busy
[2026-07-10 12:12:08] WARNING  | awr_seg_gbl_cache_buff_busy_parser | ⚠️ Segments by Global Cache Buffer Busy section not found.
[2026-07-10 12:12:08] WARNING  | awr_seg_gbl_cache_buff_busy_parser | ⚠️ No records to insert into awr_seg_gbl_cache_buff_busy
[2026-07-10 12:12:44] WARNING  | awr_seg_gbl_cache_buff_busy_parser | ⚠️ Segments by Global Cache Buffer Busy section not found.
[2026-07-10 12:12:44] WARNING  | awr_seg_gbl_cache_buff_busy_parser | ⚠️ No records to insert into awr_seg_gbl_cache_buff_busy
[2026-07-10 12:12:44] INFO     | awr_seg_gbl_cache_buff_busy_parser | Found 5 rows in Segments by Global Cache Buffer Busy section
[2026-07-10 12:12:44] INFO     | awr_seg_gbl_cache_buff_busy_parser | ✅ Parsed 5 Segments by Global Cache Buffer Busy records
[2026-07-10 12:12:44] INFO     | awr_seg_gbl_cache_buff_busy_parser | ✅ Inserted 5 rows into awr_seg_gbl_cache_buff_busy
[2026-07-10 12:13:19] WARNING  | awr_seg_gbl_cache_buff_busy_parser | ⚠️ Segments by Global Cache Buffer Busy section not found.
[2026-07-10 12:13:19] WARNING  | awr_seg_gbl_cache_buff_busy_parser | ⚠️ No records to insert into awr_seg_gbl_cache_buff_busy
[2026-07-10 12:13:34] WARNING  | awr_seg_gbl_cache_buff_busy_parser | ⚠️ Segments by Global Cache Buffer Busy section not found.
[2026-07-10 12:13:34] WARNING  | awr_seg_gbl_cache_buff_busy_parser | ⚠️ No records to insert into awr_seg_gbl_cache_buff_busy
[2026-07-10 12:13:57] INFO     | awr_seg_gbl_cache_buff_busy_parser | Found 5 rows in Segments by Global Cache Buffer Busy section
[2026-07-10 12:13:57] INFO     | awr_seg_gbl_cache_buff_busy_parser | ✅ Parsed 5 Segments by Global Cache Buffer Busy records
[2026-07-10 12:13:57] INFO     | awr_seg_gbl_cache_buff_busy_parser | ✅ Inserted 5 rows into awr_seg_gbl_cache_buff_busy
[2026-07-10 12:14:25] WARNING  | awr_seg_gbl_cache_buff_busy_parser | ⚠️ Segments by Global Cache Buffer Busy section not found.
[2026-07-10 12:14:25] WARNING  | awr_seg_gbl_cache_buff_busy_parser | ⚠️ No records to insert into awr_seg_gbl_cache_buff_busy
[2026-07-10 12:14:31] WARNING  | awr_seg_gbl_cache_buff_busy_parser | ⚠️ Segments by Global Cache Buffer Busy section not found.
[2026-07-10 12:14:31] WARNING  | awr_seg_gbl_cache_buff_busy_parser | ⚠️ No records to insert into awr_seg_gbl_cache_buff_busy
[2026-07-10 12:15:09] INFO     | awr_seg_gbl_cache_buff_busy_parser | Found 5 rows in Segments by Global Cache Buffer Busy section
[2026-07-10 12:15:09] INFO     | awr_seg_gbl_cache_buff_busy_parser | ✅ Parsed 5 Segments by Global Cache Buffer Busy records
[2026-07-10 12:15:09] INFO     | awr_seg_gbl_cache_buff_busy_parser | ✅ Inserted 5 rows into awr_seg_gbl_cache_buff_busy
[2026-07-10 12:15:14] WARNING  | awr_seg_gbl_cache_buff_busy_parser | ⚠️ Segments by Global Cache Buffer Busy section not found.
[2026-07-10 12:15:14] WARNING  | awr_seg_gbl_cache_buff_busy_parser | ⚠️ No records to insert into awr_seg_gbl_cache_buff_busy
[2026-07-10 12:15:47] WARNING  | awr_seg_gbl_cache_buff_busy_parser | ⚠️ Segments by Global Cache Buffer Busy section not found.
[2026-07-10 12:15:47] WARNING  | awr_seg_gbl_cache_buff_busy_parser | ⚠️ No records to insert into awr_seg_gbl_cache_buff_busy
[2026-07-10 12:16:02] WARNING  | awr_seg_gbl_cache_buff_busy_parser | ⚠️ Segments by Global Cache Buffer Busy section not found.
[2026-07-10 12:16:02] WARNING  | awr_seg_gbl_cache_buff_busy_parser | ⚠️ No records to insert into awr_seg_gbl_cache_buff_busy
[2026-07-10 12:16:24] INFO     | awr_seg_gbl_cache_buff_busy_parser | Found 5 rows in Segments by Global Cache Buffer Busy section
[2026-07-10 12:16:24] INFO     | awr_seg_gbl_cache_buff_busy_parser | ✅ Parsed 5 Segments by Global Cache Buffer Busy records
[2026-07-10 12:16:24] INFO     | awr_seg_gbl_cache_buff_busy_parser | ✅ Inserted 5 rows into awr_seg_gbl_cache_buff_busy
[2026-07-10 12:16:49] WARNING  | awr_seg_gbl_cache_buff_busy_parser | ⚠️ Segments by Global Cache Buffer Busy section not found.
[2026-07-10 12:16:49] WARNING  | awr_seg_gbl_cache_buff_busy_parser | ⚠️ No records to insert into awr_seg_gbl_cache_buff_busy
[2026-07-10 12:17:02] WARNING  | awr_seg_gbl_cache_buff_busy_parser | ⚠️ Segments by Global Cache Buffer Busy section not found.
[2026-07-10 12:17:02] WARNING  | awr_seg_gbl_cache_buff_busy_parser | ⚠️ No records to insert into awr_seg_gbl_cache_buff_busy
[2026-07-10 12:17:37] INFO     | awr_seg_gbl_cache_buff_busy_parser | Found 5 rows in Segments by Global Cache Buffer Busy section
[2026-07-10 12:17:37] INFO     | awr_seg_gbl_cache_buff_busy_parser | ✅ Parsed 5 Segments by Global Cache Buffer Busy records
[2026-07-10 12:17:37] INFO     | awr_seg_gbl_cache_buff_busy_parser | ✅ Inserted 5 rows into awr_seg_gbl_cache_buff_busy
[2026-07-10 12:17:37] WARNING  | awr_seg_gbl_cache_buff_busy_parser | ⚠️ Segments by Global Cache Buffer Busy section not found.
[2026-07-10 12:17:37] WARNING  | awr_seg_gbl_cache_buff_busy_parser | ⚠️ No records to insert into awr_seg_gbl_cache_buff_busy
[2026-07-10 12:18:15] WARNING  | awr_seg_gbl_cache_buff_busy_parser | ⚠️ Segments by Global Cache Buffer Busy section not found.
[2026-07-10 12:18:15] WARNING  | awr_seg_gbl_cache_buff_busy_parser | ⚠️ No records to insert into awr_seg_gbl_cache_buff_busy
[2026-07-10 12:18:29] WARNING  | awr_seg_gbl_cache_buff_busy_parser | ⚠️ Segments by Global Cache Buffer Busy section not found.
[2026-07-10 12:18:29] WARNING  | awr_seg_gbl_cache_buff_busy_parser | ⚠️ No records to insert into awr_seg_gbl_cache_buff_busy
[2026-07-10 12:18:48] INFO     | awr_seg_gbl_cache_buff_busy_parser | Found 5 rows in Segments by Global Cache Buffer Busy section
[2026-07-10 12:18:48] INFO     | awr_seg_gbl_cache_buff_busy_parser | ✅ Parsed 5 Segments by Global Cache Buffer Busy records
[2026-07-10 12:18:48] INFO     | awr_seg_gbl_cache_buff_busy_parser | ✅ Inserted 5 rows into awr_seg_gbl_cache_buff_busy
[2026-07-10 12:19:20] WARNING  | awr_seg_gbl_cache_buff_busy_parser | ⚠️ Segments by Global Cache Buffer Busy section not found.
[2026-07-10 12:19:20] WARNING  | awr_seg_gbl_cache_buff_busy_parser | ⚠️ No records to insert into awr_seg_gbl_cache_buff_busy
[2026-07-10 12:19:25] WARNING  | awr_seg_gbl_cache_buff_busy_parser | ⚠️ Segments by Global Cache Buffer Busy section not found.
[2026-07-10 12:19:25] WARNING  | awr_seg_gbl_cache_buff_busy_parser | ⚠️ No records to insert into awr_seg_gbl_cache_buff_busy
[2026-07-10 12:19:57] INFO     | awr_seg_gbl_cache_buff_busy_parser | Found 5 rows in Segments by Global Cache Buffer Busy section
[2026-07-10 12:19:57] INFO     | awr_seg_gbl_cache_buff_busy_parser | ✅ Parsed 5 Segments by Global Cache Buffer Busy records
[2026-07-10 12:19:57] INFO     | awr_seg_gbl_cache_buff_busy_parser | ✅ Inserted 5 rows into awr_seg_gbl_cache_buff_busy
[2026-07-10 12:20:11] WARNING  | awr_seg_gbl_cache_buff_busy_parser | ⚠️ Segments by Global Cache Buffer Busy section not found.
[2026-07-10 12:20:11] WARNING  | awr_seg_gbl_cache_buff_busy_parser | ⚠️ No records to insert into awr_seg_gbl_cache_buff_busy
[2026-07-10 12:20:37] WARNING  | awr_seg_gbl_cache_buff_busy_parser | ⚠️ Segments by Global Cache Buffer Busy section not found.
[2026-07-10 12:20:37] WARNING  | awr_seg_gbl_cache_buff_busy_parser | ⚠️ No records to insert into awr_seg_gbl_cache_buff_busy
[2026-07-10 12:21:00] WARNING  | awr_seg_gbl_cache_buff_busy_parser | ⚠️ Segments by Global Cache Buffer Busy section not found.
[2026-07-10 12:21:00] WARNING  | awr_seg_gbl_cache_buff_busy_parser | ⚠️ No records to insert into awr_seg_gbl_cache_buff_busy
[2026-07-10 12:21:06] INFO     | awr_seg_gbl_cache_buff_busy_parser | Found 5 rows in Segments by Global Cache Buffer Busy section
[2026-07-10 12:21:06] INFO     | awr_seg_gbl_cache_buff_busy_parser | ✅ Parsed 5 Segments by Global Cache Buffer Busy records
[2026-07-10 12:21:06] INFO     | awr_seg_gbl_cache_buff_busy_parser | ✅ Inserted 5 rows into awr_seg_gbl_cache_buff_busy
[2026-07-10 12:21:47] WARNING  | awr_seg_gbl_cache_buff_busy_parser | ⚠️ Segments by Global Cache Buffer Busy section not found.
[2026-07-10 12:21:47] WARNING  | awr_seg_gbl_cache_buff_busy_parser | ⚠️ No records to insert into awr_seg_gbl_cache_buff_busy
[2026-07-10 12:21:49] WARNING  | awr_seg_gbl_cache_buff_busy_parser | ⚠️ Segments by Global Cache Buffer Busy section not found.
[2026-07-10 12:21:49] WARNING  | awr_seg_gbl_cache_buff_busy_parser | ⚠️ No records to insert into awr_seg_gbl_cache_buff_busy
[2026-07-10 12:26:20] WARNING  | awr_seg_gbl_cache_buff_busy_parser | ⚠️ Segments by Global Cache Buffer Busy section not found.
[2026-07-10 12:26:20] WARNING  | awr_seg_gbl_cache_buff_busy_parser | ⚠️ No records to insert into awr_seg_gbl_cache_buff_busy
[2026-07-10 12:26:24] WARNING  | awr_seg_gbl_cache_buff_busy_parser | ⚠️ Segments by Global Cache Buffer Busy section not found.
[2026-07-10 12:26:24] WARNING  | awr_seg_gbl_cache_buff_busy_parser | ⚠️ No records to insert into awr_seg_gbl_cache_buff_busy
[2026-07-10 12:26:24] INFO     | awr_seg_gbl_cache_buff_busy_parser | Found 5 rows in Segments by Global Cache Buffer Busy section
[2026-07-10 12:26:24] INFO     | awr_seg_gbl_cache_buff_busy_parser | ✅ Parsed 5 Segments by Global Cache Buffer Busy records
[2026-07-10 12:26:24] INFO     | awr_seg_gbl_cache_buff_busy_parser | ✅ Inserted 5 rows into awr_seg_gbl_cache_buff_busy
[2026-07-10 12:26:33] WARNING  | awr_seg_gbl_cache_buff_busy_parser | ⚠️ Segments by Global Cache Buffer Busy section not found.
[2026-07-10 12:26:33] WARNING  | awr_seg_gbl_cache_buff_busy_parser | ⚠️ No records to insert into awr_seg_gbl_cache_buff_busy
[2026-07-10 12:27:39] WARNING  | awr_seg_gbl_cache_buff_busy_parser | ⚠️ Segments by Global Cache Buffer Busy section not found.
[2026-07-10 12:27:39] WARNING  | awr_seg_gbl_cache_buff_busy_parser | ⚠️ No records to insert into awr_seg_gbl_cache_buff_busy
[2026-07-10 12:28:10] WARNING  | awr_seg_gbl_cache_buff_busy_parser | ⚠️ Segments by Global Cache Buffer Busy section not found.
[2026-07-10 12:28:10] WARNING  | awr_seg_gbl_cache_buff_busy_parser | ⚠️ No records to insert into awr_seg_gbl_cache_buff_busy
[2026-07-10 12:28:12] INFO     | awr_seg_gbl_cache_buff_busy_parser | Found 5 rows in Segments by Global Cache Buffer Busy section
[2026-07-10 12:28:12] INFO     | awr_seg_gbl_cache_buff_busy_parser | ✅ Parsed 5 Segments by Global Cache Buffer Busy records
[2026-07-10 12:28:12] INFO     | awr_seg_gbl_cache_buff_busy_parser | ✅ Inserted 5 rows into awr_seg_gbl_cache_buff_busy
[2026-07-10 12:29:16] WARNING  | awr_seg_gbl_cache_buff_busy_parser | ⚠️ Segments by Global Cache Buffer Busy section not found.
[2026-07-10 12:29:16] WARNING  | awr_seg_gbl_cache_buff_busy_parser | ⚠️ No records to insert into awr_seg_gbl_cache_buff_busy
[2026-07-10 12:29:20] WARNING  | awr_seg_gbl_cache_buff_busy_parser | ⚠️ Segments by Global Cache Buffer Busy section not found.
[2026-07-10 12:29:20] WARNING  | awr_seg_gbl_cache_buff_busy_parser | ⚠️ No records to insert into awr_seg_gbl_cache_buff_busy
[2026-07-10 12:30:02] WARNING  | awr_seg_gbl_cache_buff_busy_parser | ⚠️ Segments by Global Cache Buffer Busy section not found.
[2026-07-10 12:30:02] WARNING  | awr_seg_gbl_cache_buff_busy_parser | ⚠️ No records to insert into awr_seg_gbl_cache_buff_busy
[2026-07-10 12:30:02] INFO     | awr_seg_gbl_cache_buff_busy_parser | Found 5 rows in Segments by Global Cache Buffer Busy section
[2026-07-10 12:30:02] INFO     | awr_seg_gbl_cache_buff_busy_parser | ✅ Parsed 5 Segments by Global Cache Buffer Busy records
[2026-07-10 12:30:02] INFO     | awr_seg_gbl_cache_buff_busy_parser | ✅ Inserted 5 rows into awr_seg_gbl_cache_buff_busy
[2026-07-10 12:30:19] WARNING  | awr_seg_gbl_cache_buff_busy_parser | ⚠️ Segments by Global Cache Buffer Busy section not found.
[2026-07-10 12:30:19] WARNING  | awr_seg_gbl_cache_buff_busy_parser | ⚠️ No records to insert into awr_seg_gbl_cache_buff_busy
[2026-07-10 12:31:11] WARNING  | awr_seg_gbl_cache_buff_busy_parser | ⚠️ Segments by Global Cache Buffer Busy section not found.
[2026-07-10 12:31:11] WARNING  | awr_seg_gbl_cache_buff_busy_parser | ⚠️ No records to insert into awr_seg_gbl_cache_buff_busy
[2026-07-10 12:31:12] WARNING  | awr_seg_gbl_cache_buff_busy_parser | ⚠️ Segments by Global Cache Buffer Busy section not found.
[2026-07-10 12:31:12] WARNING  | awr_seg_gbl_cache_buff_busy_parser | ⚠️ No records to insert into awr_seg_gbl_cache_buff_busy
[2026-07-10 12:31:16] INFO     | awr_seg_gbl_cache_buff_busy_parser | Found 5 rows in Segments by Global Cache Buffer Busy section
[2026-07-10 12:31:16] INFO     | awr_seg_gbl_cache_buff_busy_parser | ✅ Parsed 5 Segments by Global Cache Buffer Busy records
[2026-07-10 12:31:16] INFO     | awr_seg_gbl_cache_buff_busy_parser | ✅ Inserted 5 rows into awr_seg_gbl_cache_buff_busy
[2026-07-10 12:31:16] WARNING  | awr_seg_gbl_cache_buff_busy_parser | ⚠️ Segments by Global Cache Buffer Busy section not found.
[2026-07-10 12:31:16] WARNING  | awr_seg_gbl_cache_buff_busy_parser | ⚠️ No records to insert into awr_seg_gbl_cache_buff_busy
[2026-07-10 12:32:05] WARNING  | awr_seg_gbl_cache_buff_busy_parser | ⚠️ Segments by Global Cache Buffer Busy section not found.
[2026-07-10 12:32:05] WARNING  | awr_seg_gbl_cache_buff_busy_parser | ⚠️ No records to insert into awr_seg_gbl_cache_buff_busy
[2026-07-10 12:32:30] INFO     | awr_seg_gbl_cache_buff_busy_parser | Found 5 rows in Segments by Global Cache Buffer Busy section
[2026-07-10 12:32:30] INFO     | awr_seg_gbl_cache_buff_busy_parser | ✅ Parsed 5 Segments by Global Cache Buffer Busy records
[2026-07-10 12:32:30] INFO     | awr_seg_gbl_cache_buff_busy_parser | ✅ Inserted 5 rows into awr_seg_gbl_cache_buff_busy
[2026-07-10 12:32:30] WARNING  | awr_seg_gbl_cache_buff_busy_parser | ⚠️ Segments by Global Cache Buffer Busy section not found.
[2026-07-10 12:32:30] WARNING  | awr_seg_gbl_cache_buff_busy_parser | ⚠️ No records to insert into awr_seg_gbl_cache_buff_busy
[2026-07-10 12:32:53] WARNING  | awr_seg_gbl_cache_buff_busy_parser | ⚠️ Segments by Global Cache Buffer Busy section not found.
[2026-07-10 12:32:53] WARNING  | awr_seg_gbl_cache_buff_busy_parser | ⚠️ No records to insert into awr_seg_gbl_cache_buff_busy
[2026-07-10 12:32:56] WARNING  | awr_seg_gbl_cache_buff_busy_parser | ⚠️ Segments by Global Cache Buffer Busy section not found.
[2026-07-10 12:32:56] WARNING  | awr_seg_gbl_cache_buff_busy_parser | ⚠️ No records to insert into awr_seg_gbl_cache_buff_busy
[2026-07-10 12:33:41] INFO     | awr_seg_gbl_cache_buff_busy_parser | Found 5 rows in Segments by Global Cache Buffer Busy section
[2026-07-10 12:33:41] INFO     | awr_seg_gbl_cache_buff_busy_parser | ✅ Parsed 5 Segments by Global Cache Buffer Busy records
[2026-07-10 12:33:41] INFO     | awr_seg_gbl_cache_buff_busy_parser | ✅ Inserted 5 rows into awr_seg_gbl_cache_buff_busy
[2026-07-10 12:33:42] WARNING  | awr_seg_gbl_cache_buff_busy_parser | ⚠️ Segments by Global Cache Buffer Busy section not found.
[2026-07-10 12:33:42] WARNING  | awr_seg_gbl_cache_buff_busy_parser | ⚠️ No records to insert into awr_seg_gbl_cache_buff_busy
[2026-07-10 12:33:43] WARNING  | awr_seg_gbl_cache_buff_busy_parser | ⚠️ Segments by Global Cache Buffer Busy section not found.
[2026-07-10 12:33:43] WARNING  | awr_seg_gbl_cache_buff_busy_parser | ⚠️ No records to insert into awr_seg_gbl_cache_buff_busy
[2026-07-10 12:34:52] WARNING  | awr_seg_gbl_cache_buff_busy_parser | ⚠️ Segments by Global Cache Buffer Busy section not found.
[2026-07-10 12:34:52] WARNING  | awr_seg_gbl_cache_buff_busy_parser | ⚠️ No records to insert into awr_seg_gbl_cache_buff_busy
[2026-07-10 12:35:01] WARNING  | awr_seg_gbl_cache_buff_busy_parser | ⚠️ Segments by Global Cache Buffer Busy section not found.
[2026-07-10 12:35:01] WARNING  | awr_seg_gbl_cache_buff_busy_parser | ⚠️ No records to insert into awr_seg_gbl_cache_buff_busy
[2026-07-10 12:35:15] INFO     | awr_seg_gbl_cache_buff_busy_parser | Found 5 rows in Segments by Global Cache Buffer Busy section
[2026-07-10 12:35:15] INFO     | awr_seg_gbl_cache_buff_busy_parser | ✅ Parsed 5 Segments by Global Cache Buffer Busy records
[2026-07-10 12:35:15] INFO     | awr_seg_gbl_cache_buff_busy_parser | ✅ Inserted 5 rows into awr_seg_gbl_cache_buff_busy
[2026-07-10 12:35:17] WARNING  | awr_seg_gbl_cache_buff_busy_parser | ⚠️ Segments by Global Cache Buffer Busy section not found.
[2026-07-10 12:35:17] WARNING  | awr_seg_gbl_cache_buff_busy_parser | ⚠️ No records to insert into awr_seg_gbl_cache_buff_busy
[2026-07-10 12:35:43] WARNING  | awr_seg_gbl_cache_buff_busy_parser | ⚠️ Segments by Global Cache Buffer Busy section not found.
[2026-07-10 12:35:43] WARNING  | awr_seg_gbl_cache_buff_busy_parser | ⚠️ No records to insert into awr_seg_gbl_cache_buff_busy
[2026-07-10 12:36:26] INFO     | awr_seg_gbl_cache_buff_busy_parser | Found 5 rows in Segments by Global Cache Buffer Busy section
[2026-07-10 12:36:26] INFO     | awr_seg_gbl_cache_buff_busy_parser | ✅ Parsed 5 Segments by Global Cache Buffer Busy records
[2026-07-10 12:36:26] INFO     | awr_seg_gbl_cache_buff_busy_parser | ✅ Inserted 5 rows into awr_seg_gbl_cache_buff_busy
[2026-07-10 12:36:29] WARNING  | awr_seg_gbl_cache_buff_busy_parser | ⚠️ Segments by Global Cache Buffer Busy section not found.
[2026-07-10 12:36:29] WARNING  | awr_seg_gbl_cache_buff_busy_parser | ⚠️ No records to insert into awr_seg_gbl_cache_buff_busy
[2026-07-10 12:36:36] WARNING  | awr_seg_gbl_cache_buff_busy_parser | ⚠️ Segments by Global Cache Buffer Busy section not found.
[2026-07-10 12:36:36] WARNING  | awr_seg_gbl_cache_buff_busy_parser | ⚠️ No records to insert into awr_seg_gbl_cache_buff_busy
[2026-07-10 12:36:45] WARNING  | awr_seg_gbl_cache_buff_busy_parser | ⚠️ Segments by Global Cache Buffer Busy section not found.
[2026-07-10 12:36:45] WARNING  | awr_seg_gbl_cache_buff_busy_parser | ⚠️ No records to insert into awr_seg_gbl_cache_buff_busy
[2026-07-10 12:37:37] WARNING  | awr_seg_gbl_cache_buff_busy_parser | ⚠️ Segments by Global Cache Buffer Busy section not found.
[2026-07-10 12:37:37] WARNING  | awr_seg_gbl_cache_buff_busy_parser | ⚠️ No records to insert into awr_seg_gbl_cache_buff_busy
[2026-07-10 12:37:49] INFO     | awr_seg_gbl_cache_buff_busy_parser | Found 5 rows in Segments by Global Cache Buffer Busy section
[2026-07-10 12:37:49] INFO     | awr_seg_gbl_cache_buff_busy_parser | ✅ Parsed 5 Segments by Global Cache Buffer Busy records
[2026-07-10 12:37:49] INFO     | awr_seg_gbl_cache_buff_busy_parser | ✅ Inserted 5 rows into awr_seg_gbl_cache_buff_busy
[2026-07-10 12:37:58] WARNING  | awr_seg_gbl_cache_buff_busy_parser | ⚠️ Segments by Global Cache Buffer Busy section not found.
[2026-07-10 12:37:58] WARNING  | awr_seg_gbl_cache_buff_busy_parser | ⚠️ No records to insert into awr_seg_gbl_cache_buff_busy
[2026-07-10 12:38:56] WARNING  | awr_seg_gbl_cache_buff_busy_parser | ⚠️ Segments by Global Cache Buffer Busy section not found.
[2026-07-10 12:38:56] WARNING  | awr_seg_gbl_cache_buff_busy_parser | ⚠️ No records to insert into awr_seg_gbl_cache_buff_busy
[2026-07-10 12:39:04] WARNING  | awr_seg_gbl_cache_buff_busy_parser | ⚠️ Segments by Global Cache Buffer Busy section not found.
[2026-07-10 12:39:04] WARNING  | awr_seg_gbl_cache_buff_busy_parser | ⚠️ No records to insert into awr_seg_gbl_cache_buff_busy
[2026-07-10 12:39:23] INFO     | awr_seg_gbl_cache_buff_busy_parser | Found 5 rows in Segments by Global Cache Buffer Busy section
[2026-07-10 12:39:23] INFO     | awr_seg_gbl_cache_buff_busy_parser | ✅ Parsed 5 Segments by Global Cache Buffer Busy records
[2026-07-10 12:39:23] INFO     | awr_seg_gbl_cache_buff_busy_parser | ✅ Inserted 5 rows into awr_seg_gbl_cache_buff_busy
[2026-07-10 12:39:30] WARNING  | awr_seg_gbl_cache_buff_busy_parser | ⚠️ Segments by Global Cache Buffer Busy section not found.
[2026-07-10 12:39:30] WARNING  | awr_seg_gbl_cache_buff_busy_parser | ⚠️ No records to insert into awr_seg_gbl_cache_buff_busy
[2026-07-10 12:39:52] WARNING  | awr_seg_gbl_cache_buff_busy_parser | ⚠️ Segments by Global Cache Buffer Busy section not found.
[2026-07-10 12:39:52] WARNING  | awr_seg_gbl_cache_buff_busy_parser | ⚠️ No records to insert into awr_seg_gbl_cache_buff_busy
[2026-07-10 12:41:00] INFO     | awr_seg_gbl_cache_buff_busy_parser | Found 5 rows in Segments by Global Cache Buffer Busy section
[2026-07-10 12:41:00] INFO     | awr_seg_gbl_cache_buff_busy_parser | ✅ Parsed 5 Segments by Global Cache Buffer Busy records
[2026-07-10 12:41:00] INFO     | awr_seg_gbl_cache_buff_busy_parser | ✅ Inserted 5 rows into awr_seg_gbl_cache_buff_busy
[2026-07-10 12:41:06] WARNING  | awr_seg_gbl_cache_buff_busy_parser | ⚠️ Segments by Global Cache Buffer Busy section not found.
[2026-07-10 12:41:06] WARNING  | awr_seg_gbl_cache_buff_busy_parser | ⚠️ No records to insert into awr_seg_gbl_cache_buff_busy
[2026-07-10 12:41:06] WARNING  | awr_seg_gbl_cache_buff_busy_parser | ⚠️ Segments by Global Cache Buffer Busy section not found.
[2026-07-10 12:41:06] WARNING  | awr_seg_gbl_cache_buff_busy_parser | ⚠️ No records to insert into awr_seg_gbl_cache_buff_busy
[2026-07-10 12:41:19] WARNING  | awr_seg_gbl_cache_buff_busy_parser | ⚠️ Segments by Global Cache Buffer Busy section not found.
[2026-07-10 12:41:19] WARNING  | awr_seg_gbl_cache_buff_busy_parser | ⚠️ No records to insert into awr_seg_gbl_cache_buff_busy
[2026-07-10 12:42:13] WARNING  | awr_seg_gbl_cache_buff_busy_parser | ⚠️ Segments by Global Cache Buffer Busy section not found.
[2026-07-10 12:42:13] WARNING  | awr_seg_gbl_cache_buff_busy_parser | ⚠️ No records to insert into awr_seg_gbl_cache_buff_busy
[2026-07-10 12:42:31] INFO     | awr_seg_gbl_cache_buff_busy_parser | Found 5 rows in Segments by Global Cache Buffer Busy section
[2026-07-10 12:42:31] INFO     | awr_seg_gbl_cache_buff_busy_parser | ✅ Parsed 5 Segments by Global Cache Buffer Busy records
[2026-07-10 12:42:31] INFO     | awr_seg_gbl_cache_buff_busy_parser | ✅ Inserted 5 rows into awr_seg_gbl_cache_buff_busy
[2026-07-10 12:42:35] WARNING  | awr_seg_gbl_cache_buff_busy_parser | ⚠️ Segments by Global Cache Buffer Busy section not found.
[2026-07-10 12:42:35] WARNING  | awr_seg_gbl_cache_buff_busy_parser | ⚠️ No records to insert into awr_seg_gbl_cache_buff_busy
[2026-07-10 12:43:18] WARNING  | awr_seg_gbl_cache_buff_busy_parser | ⚠️ Segments by Global Cache Buffer Busy section not found.
[2026-07-10 12:43:18] WARNING  | awr_seg_gbl_cache_buff_busy_parser | ⚠️ No records to insert into awr_seg_gbl_cache_buff_busy
[2026-07-10 12:43:24] WARNING  | awr_seg_gbl_cache_buff_busy_parser | ⚠️ Segments by Global Cache Buffer Busy section not found.
[2026-07-10 12:43:24] WARNING  | awr_seg_gbl_cache_buff_busy_parser | ⚠️ No records to insert into awr_seg_gbl_cache_buff_busy
[2026-07-10 12:43:52] INFO     | awr_seg_gbl_cache_buff_busy_parser | Found 5 rows in Segments by Global Cache Buffer Busy section
[2026-07-10 12:43:52] INFO     | awr_seg_gbl_cache_buff_busy_parser | ✅ Parsed 5 Segments by Global Cache Buffer Busy records
[2026-07-10 12:43:52] INFO     | awr_seg_gbl_cache_buff_busy_parser | ✅ Inserted 5 rows into awr_seg_gbl_cache_buff_busy
[2026-07-10 12:43:53] WARNING  | awr_seg_gbl_cache_buff_busy_parser | ⚠️ Segments by Global Cache Buffer Busy section not found.
[2026-07-10 12:43:53] WARNING  | awr_seg_gbl_cache_buff_busy_parser | ⚠️ No records to insert into awr_seg_gbl_cache_buff_busy
[2026-07-10 12:44:16] WARNING  | awr_seg_gbl_cache_buff_busy_parser | ⚠️ Segments by Global Cache Buffer Busy section not found.
[2026-07-10 12:44:16] WARNING  | awr_seg_gbl_cache_buff_busy_parser | ⚠️ No records to insert into awr_seg_gbl_cache_buff_busy
[2026-07-10 12:45:07] WARNING  | awr_seg_gbl_cache_buff_busy_parser | ⚠️ Segments by Global Cache Buffer Busy section not found.
[2026-07-10 12:45:07] WARNING  | awr_seg_gbl_cache_buff_busy_parser | ⚠️ No records to insert into awr_seg_gbl_cache_buff_busy
[2026-07-10 12:45:07] INFO     | awr_seg_gbl_cache_buff_busy_parser | Found 5 rows in Segments by Global Cache Buffer Busy section
[2026-07-10 12:45:07] INFO     | awr_seg_gbl_cache_buff_busy_parser | ✅ Parsed 5 Segments by Global Cache Buffer Busy records
[2026-07-10 12:45:07] INFO     | awr_seg_gbl_cache_buff_busy_parser | ✅ Inserted 5 rows into awr_seg_gbl_cache_buff_busy
[2026-07-10 12:45:11] WARNING  | awr_seg_gbl_cache_buff_busy_parser | ⚠️ Segments by Global Cache Buffer Busy section not found.
[2026-07-10 12:45:11] WARNING  | awr_seg_gbl_cache_buff_busy_parser | ⚠️ No records to insert into awr_seg_gbl_cache_buff_busy
[2026-07-10 12:46:24] WARNING  | awr_seg_gbl_cache_buff_busy_parser | ⚠️ Segments by Global Cache Buffer Busy section not found.
[2026-07-10 12:46:24] WARNING  | awr_seg_gbl_cache_buff_busy_parser | ⚠️ No records to insert into awr_seg_gbl_cache_buff_busy
[2026-07-10 12:46:25] INFO     | awr_seg_gbl_cache_buff_busy_parser | Found 5 rows in Segments by Global Cache Buffer Busy section
[2026-07-10 12:46:25] INFO     | awr_seg_gbl_cache_buff_busy_parser | ✅ Parsed 5 Segments by Global Cache Buffer Busy records
[2026-07-10 12:46:25] INFO     | awr_seg_gbl_cache_buff_busy_parser | ✅ Inserted 5 rows into awr_seg_gbl_cache_buff_busy
[2026-07-10 12:46:58] WARNING  | awr_seg_gbl_cache_buff_busy_parser | ⚠️ Segments by Global Cache Buffer Busy section not found.
[2026-07-10 12:46:58] WARNING  | awr_seg_gbl_cache_buff_busy_parser | ⚠️ No records to insert into awr_seg_gbl_cache_buff_busy
[2026-07-10 12:47:35] WARNING  | awr_seg_gbl_cache_buff_busy_parser | ⚠️ Segments by Global Cache Buffer Busy section not found.
[2026-07-10 12:47:35] WARNING  | awr_seg_gbl_cache_buff_busy_parser | ⚠️ No records to insert into awr_seg_gbl_cache_buff_busy
[2026-07-10 12:47:36] INFO     | awr_seg_gbl_cache_buff_busy_parser | Found 5 rows in Segments by Global Cache Buffer Busy section
[2026-07-10 12:47:36] INFO     | awr_seg_gbl_cache_buff_busy_parser | ✅ Parsed 5 Segments by Global Cache Buffer Busy records
[2026-07-10 12:47:36] INFO     | awr_seg_gbl_cache_buff_busy_parser | ✅ Inserted 5 rows into awr_seg_gbl_cache_buff_busy
[2026-07-10 12:48:43] WARNING  | awr_seg_gbl_cache_buff_busy_parser | ⚠️ Segments by Global Cache Buffer Busy section not found.
[2026-07-10 12:48:43] WARNING  | awr_seg_gbl_cache_buff_busy_parser | ⚠️ No records to insert into awr_seg_gbl_cache_buff_busy
[2026-07-10 12:48:50] INFO     | awr_seg_gbl_cache_buff_busy_parser | Found 5 rows in Segments by Global Cache Buffer Busy section
[2026-07-10 12:48:50] INFO     | awr_seg_gbl_cache_buff_busy_parser | ✅ Parsed 5 Segments by Global Cache Buffer Busy records
[2026-07-10 12:48:50] INFO     | awr_seg_gbl_cache_buff_busy_parser | ✅ Inserted 5 rows into awr_seg_gbl_cache_buff_busy
[2026-07-10 12:48:52] WARNING  | awr_seg_gbl_cache_buff_busy_parser | ⚠️ Segments by Global Cache Buffer Busy section not found.
[2026-07-10 12:48:52] WARNING  | awr_seg_gbl_cache_buff_busy_parser | ⚠️ No records to insert into awr_seg_gbl_cache_buff_busy
[2026-07-10 12:49:57] INFO     | awr_seg_gbl_cache_buff_busy_parser | Found 5 rows in Segments by Global Cache Buffer Busy section
[2026-07-10 12:49:57] INFO     | awr_seg_gbl_cache_buff_busy_parser | ✅ Parsed 5 Segments by Global Cache Buffer Busy records
[2026-07-10 12:49:57] INFO     | awr_seg_gbl_cache_buff_busy_parser | ✅ Inserted 5 rows into awr_seg_gbl_cache_buff_busy
[2026-07-10 12:50:03] WARNING  | awr_seg_gbl_cache_buff_busy_parser | ⚠️ Segments by Global Cache Buffer Busy section not found.
[2026-07-10 12:50:03] WARNING  | awr_seg_gbl_cache_buff_busy_parser | ⚠️ No records to insert into awr_seg_gbl_cache_buff_busy
[2026-07-10 12:51:13] WARNING  | awr_seg_gbl_cache_buff_busy_parser | ⚠️ Segments by Global Cache Buffer Busy section not found.
[2026-07-10 12:51:13] WARNING  | awr_seg_gbl_cache_buff_busy_parser | ⚠️ No records to insert into awr_seg_gbl_cache_buff_busy
[2026-07-10 12:52:23] WARNING  | awr_seg_gbl_cache_buff_busy_parser | ⚠️ Segments by Global Cache Buffer Busy section not found.
[2026-07-10 12:52:23] WARNING  | awr_seg_gbl_cache_buff_busy_parser | ⚠️ No records to insert into awr_seg_gbl_cache_buff_busy
[2026-07-10 12:53:34] WARNING  | awr_seg_gbl_cache_buff_busy_parser | ⚠️ Segments by Global Cache Buffer Busy section not found.
[2026-07-10 12:53:34] WARNING  | awr_seg_gbl_cache_buff_busy_parser | ⚠️ No records to insert into awr_seg_gbl_cache_buff_busy
