[2026-07-06 11:13:12] WARNING  | portal | AI metrics fetch failed: relation "awr_sql_stats" does not exist
LINE 5:                 FROM awr_sql_stats
                             ^

[2026-07-06 11:13:28] WARNING  | portal | AI metrics fetch failed: relation "awr_sql_stats" does not exist
LINE 5:                 FROM awr_sql_stats
                             ^

[2026-07-06 11:14:10] WARNING  | portal | AI metrics fetch failed: relation "awr_sql_stats" does not exist
LINE 5:                 FROM awr_sql_stats
                             ^

[2026-07-06 11:30:31] WARNING  | portal | AI metrics fetch failed: relation "awr_sql_stats" does not exist
LINE 5:                 FROM awr_sql_stats
                             ^

[2026-07-06 11:48:17] WARNING  | portal | AI metrics fetch failed: relation "awr_sql_stats" does not exist
LINE 5:                 FROM awr_sql_stats
                             ^

[2026-07-06 11:51:37] WARNING  | portal | AI metrics fetch failed: relation "awr_sql_stats" does not exist
LINE 5:                 FROM awr_sql_stats
                             ^

[2026-07-06 12:09:48] WARNING  | portal | AI metrics fetch failed: relation "awr_sql_stats" does not exist
LINE 5:                 FROM awr_sql_stats
                             ^

[2026-07-06 12:14:48] WARNING  | portal | AI metrics fetch failed: relation "awr_sql_stats" does not exist
LINE 5:                 FROM awr_sql_stats
                             ^

[2026-07-06 12:24:56] WARNING  | portal | AI metrics fetch failed: relation "awr_sql_stats" does not exist
LINE 5:                 FROM awr_sql_stats
                             ^

[2026-07-06 12:27:21] WARNING  | portal | AI metrics fetch failed: relation "awr_sql_stats" does not exist
LINE 5:                 FROM awr_sql_stats
                             ^

[2026-07-06 12:29:35] WARNING  | portal | AI metrics fetch failed: relation "awr_sql_stats" does not exist
LINE 5:                 FROM awr_sql_stats
                             ^

[2026-07-06 13:01:56] WARNING  | portal | AI metrics fetch failed: relation "awr_sql_stats" does not exist
LINE 5:                 FROM awr_sql_stats
                             ^

[2026-07-06 13:02:24] WARNING  | portal | AI metrics fetch failed: relation "awr_sql_stats" does not exist
LINE 5:                 FROM awr_sql_stats
                             ^

[2026-07-06 13:06:16] WARNING  | portal | AI metrics fetch failed: relation "awr_sql_stats" does not exist
LINE 5:                 FROM awr_sql_stats
                             ^

[2026-07-06 13:08:44] ERROR    | portal | focus_values failed: relation "awr_sql_stats" does not exist
LINE 4:                     FROM awr_sql_stats
                                 ^

[2026-07-06 13:09:02] WARNING  | portal | AI metrics fetch failed: relation "awr_sql_stats" does not exist
LINE 5:                 FROM awr_sql_stats
                             ^

[2026-07-06 14:09:41] WARNING  | portal | AI metrics fetch failed: relation "awr_sql_stats" does not exist
LINE 5:                 FROM awr_sql_stats
                             ^

[2026-07-06 14:12:14] ERROR    | portal | focus_values failed: relation "awr_sql_stats" does not exist
LINE 4:                     FROM awr_sql_stats
                                 ^

[2026-07-06 14:12:18] WARNING  | portal | AI metrics fetch failed: relation "awr_sql_stats" does not exist
LINE 5:                 FROM awr_sql_stats
                             ^

[2026-07-06 14:30:10] ERROR    | portal | focus_values failed: relation "awr_sql_stats" does not exist
LINE 4:                     FROM awr_sql_stats
                                 ^

[2026-07-06 14:30:21] ERROR    | portal | focus_values failed: relation "awr_sql_stats" does not exist
LINE 4:                     FROM awr_sql_stats
                                 ^

[2026-07-06 14:30:32] ERROR    | portal | focus_values failed: relation "awr_sql_stats" does not exist
LINE 4:                     FROM awr_sql_stats
                                 ^

[2026-07-06 14:30:46] ERROR    | portal | focus_values failed: relation "awr_sql_stats" does not exist
LINE 4:                     FROM awr_sql_stats
                                 ^

[2026-07-06 14:57:37] WARNING  | portal | AI metrics fetch failed: column "physical_reads" does not exist
LINE 3: ...                    SUM(logical_reads) AS lr, SUM(physical_r...
                                                             ^

[2026-07-06 15:03:08] WARNING  | portal | AI metrics fetch failed: column "physical_reads" does not exist
LINE 3: ...                    SUM(logical_reads) AS lr, SUM(physical_r...
                                                             ^

[2026-07-06 15:06:22] WARNING  | portal | AI metrics fetch failed: column "physical_reads" does not exist
LINE 3: ...                    SUM(logical_reads) AS lr, SUM(physical_r...
                                                             ^

[2026-07-06 15:13:34] WARNING  | portal | AI metrics fetch failed: column "physical_reads" does not exist
LINE 3: ...                    SUM(logical_reads) AS lr, SUM(physical_r...
                                                             ^

[2026-07-06 15:39:22] WARNING  | portal | AI metrics fetch failed: column "physical_reads" does not exist
LINE 3: ...                    SUM(logical_reads) AS lr, SUM(physical_r...
                                                             ^

[2026-07-06 15:52:39] WARNING  | portal | AI metrics fetch failed: column "physical_reads" does not exist
LINE 3: ...                    SUM(logical_reads) AS lr, SUM(physical_r...
                                                             ^

[2026-07-06 16:00:54] WARNING  | portal | AI metrics fetch failed: column "physical_reads" does not exist
LINE 3: ...                    SUM(logical_reads) AS lr, SUM(physical_r...
                                                             ^

[2026-07-06 16:25:07] WARNING  | portal | AI metrics fetch failed: column "physical_reads" does not exist
LINE 3: ...                    SUM(logical_reads) AS lr, SUM(physical_r...
                                                             ^

