[2026-07-10 15:08:21] INFO     | queue_processor | ============================================================
[2026-07-10 15:08:21] INFO     | queue_processor | Queue Processor starting | type=all | AWR workers=4 | SAR workers=2 | daemon=True
[2026-07-10 15:08:21] INFO     | queue_processor | AWR queues : C:\AWR_Insight_Portal_v2\queues
[2026-07-10 15:08:21] INFO     | queue_processor | SAR queues : C:\AWR_Insight_Portal_v2\sar_queues
[2026-07-10 15:08:21] INFO     | queue_processor | Daemon mode — AWR workers=4 SAR workers=2 poll=15s
[2026-07-10 15:08:21] INFO     | queue_processor | Daemon starting — AWR pool=4 | SAR pool=2
[2026-07-10 15:09:06] INFO     | queue_processor | [AWR/ONE_LMS] Worker started — AWR active: 1
[2026-07-10 15:09:06] INFO     | queue_processor | [AWR/ONE_LMS] Processing: 10_1.html (attempt 1/4)
[2026-07-10 15:09:11] INFO     | queue_processor | [AWR/ONE_LMS] ✅ DONE in 2.7s: 10_1.html
[2026-07-10 15:09:11] INFO     | queue_processor | [AWR/ONE_LMS] Processing: 11_1.html (attempt 1/4)
[2026-07-10 15:09:14] INFO     | queue_processor | [AWR/ONE_LMS] ✅ DONE in 2.6s: 11_1.html
[2026-07-10 15:09:14] INFO     | queue_processor | [AWR/ONE_LMS] Processing: 12_1.html (attempt 1/4)
[2026-07-10 15:09:17] INFO     | queue_processor | [AWR/ONE_LMS] ✅ DONE in 2.7s: 12_1.html
[2026-07-10 15:09:17] INFO     | queue_processor | [AWR/ONE_LMS] Processing: 9_1.html (attempt 1/4)
[2026-07-10 15:09:20] INFO     | queue_processor | [AWR/ONE_LMS] ✅ DONE in 2.5s: 9_1.html
[2026-07-10 15:09:36] INFO     | queue_processor | [AWR/ONE_LMS] Processed 4 item(s)
[2026-07-10 15:09:36] INFO     | queue_processor | [AWR/ONE_LMS] Worker started — AWR active: 1
[2026-07-10 15:09:51] INFO     | queue_processor | [AWR/ONE_LMS] Worker started — AWR active: 1
[2026-07-10 15:10:06] INFO     | queue_processor | [AWR/ONE_LMS] Worker started — AWR active: 1
[2026-07-10 15:10:21] INFO     | queue_processor | [AWR/ONE_LMS] Worker started — AWR active: 1
[2026-07-10 15:10:36] INFO     | queue_processor | [AWR/ONE_LMS] Worker started — AWR active: 1
[2026-07-10 15:10:51] INFO     | queue_processor | [AWR/ONE_LMS] Worker started — AWR active: 1
[2026-07-10 15:11:06] INFO     | queue_processor | [AWR/ONE_LMS] Worker started — AWR active: 1
[2026-07-10 15:11:21] INFO     | queue_processor | [AWR/ONE_LMS] Worker started — AWR active: 1
[2026-07-10 15:11:36] INFO     | queue_processor | [AWR/ONE_LMS] Worker started — AWR active: 1
[2026-07-10 15:11:51] INFO     | queue_processor | [AWR/ONE_LMS] Worker started — AWR active: 1
[2026-07-10 15:12:06] INFO     | queue_processor | [AWR/ONE_LMS] Worker started — AWR active: 1
[2026-07-10 15:12:21] INFO     | queue_processor | [AWR/ONE_LMS] Worker started — AWR active: 1
[2026-07-10 15:12:37] INFO     | queue_processor | [AWR/ONE_LMS] Worker started — AWR active: 1
[2026-07-10 15:12:52] INFO     | queue_processor | [AWR/ONE_LMS] Worker started — AWR active: 1
[2026-07-10 15:13:07] INFO     | queue_processor | [AWR/ONE_LMS] Worker started — AWR active: 1
