[2026-07-02 21:58:21] INFO     | sar_watcher | ✅ WSL available — binary SAR files will be auto-converted
[2026-07-02 21:58:21] INFO     | sar_watcher | 🔍 SAR Watcher started. Monitoring: C:\AWR_Insight_Portal_v2\sar_drop
[2026-07-02 21:58:21] INFO     | sar_watcher |    Drop layout : C:\AWR_Insight_Portal_v2\sar_drop\<HOSTNAME>\sa01  OR  C:\AWR_Insight_Portal_v2\sar_drop\<HOSTNAME>_filename.txt
[2026-07-02 21:58:21] INFO     | sar_watcher |    SAR queues  : C:\AWR_Insight_Portal_v2\sar_queues
[2026-07-02 21:58:21] INFO     | sar_watcher |    Archive     : C:\AWR_Insight_Portal_v2\sar_archive
[2026-07-02 21:58:21] INFO     | sar_watcher | 📝 Queued [text]: LTPOL3VLMSDBO02_sa27.txt → LTPOL3VLMSDBO02
[2026-07-02 21:58:21] INFO     | sar_watcher | Converting binary SAR via WSL: sa02
[2026-07-02 21:58:24] INFO     | sar_watcher |   Converted → TCLFSLPRDDB1_sa02_20260702215821.txt (1,750,851 bytes)
[2026-07-02 21:58:24] INFO     | sar_watcher | 📝 Queued [binary_converted]: TCLFSLPRDDB1_sa02_20260702215821.txt → TCLFSLPRDDB1
[2026-07-02 21:58:24] INFO     | sar_watcher | Converting binary SAR via WSL: sa03
[2026-07-02 21:58:27] INFO     | sar_watcher |   Converted → TCLFSLPRDDB1_sa03_20260702215824.txt (1,750,870 bytes)
[2026-07-02 21:58:27] INFO     | sar_watcher | 📝 Queued [binary_converted]: TCLFSLPRDDB1_sa03_20260702215824.txt → TCLFSLPRDDB1
[2026-07-02 21:58:27] INFO     | sar_watcher | Converting binary SAR via WSL: sa04
[2026-07-02 21:58:31] INFO     | sar_watcher |   Converted → TCLFSLPRDDB1_sa04_20260702215827.txt (1,750,835 bytes)
[2026-07-02 21:58:31] INFO     | sar_watcher | 📝 Queued [binary_converted]: TCLFSLPRDDB1_sa04_20260702215827.txt → TCLFSLPRDDB1
[2026-07-02 21:58:31] INFO     | sar_watcher | Converting binary SAR via WSL: sa05
[2026-07-02 21:58:34] INFO     | sar_watcher |   Converted → TCLFSLPRDDB1_sa05_20260702215831.txt (1,750,889 bytes)
[2026-07-02 21:58:34] INFO     | sar_watcher | 📝 Queued [binary_converted]: TCLFSLPRDDB1_sa05_20260702215831.txt → TCLFSLPRDDB1
[2026-07-02 21:58:34] INFO     | sar_watcher | Converting binary SAR via WSL: sa06
[2026-07-02 21:58:37] INFO     | sar_watcher |   Converted → TCLFSLPRDDB1_sa06_20260702215834.txt (1,750,848 bytes)
[2026-07-02 21:58:37] INFO     | sar_watcher | 📝 Queued [binary_converted]: TCLFSLPRDDB1_sa06_20260702215834.txt → TCLFSLPRDDB1
[2026-07-02 21:58:37] INFO     | sar_watcher | Converting binary SAR via WSL: sa07
[2026-07-02 21:58:41] INFO     | sar_watcher |   Converted → TCLFSLPRDDB1_sa07_20260702215837.txt (1,750,834 bytes)
[2026-07-02 21:58:41] INFO     | sar_watcher | 📝 Queued [binary_converted]: TCLFSLPRDDB1_sa07_20260702215837.txt → TCLFSLPRDDB1
[2026-07-02 21:58:41] INFO     | sar_watcher | Converting binary SAR via WSL: sa08
[2026-07-02 21:58:45] INFO     | sar_watcher |   Converted → TCLFSLPRDDB1_sa08_20260702215841.txt (1,750,838 bytes)
[2026-07-02 21:58:45] INFO     | sar_watcher | 📝 Queued [binary_converted]: TCLFSLPRDDB1_sa08_20260702215841.txt → TCLFSLPRDDB1
[2026-07-02 21:58:45] INFO     | sar_watcher | Converting binary SAR via WSL: sa09
[2026-07-02 21:58:50] INFO     | sar_watcher |   Converted → TCLFSLPRDDB1_sa09_20260702215845.txt (1,750,891 bytes)
[2026-07-02 21:58:50] INFO     | sar_watcher | 📝 Queued [binary_converted]: TCLFSLPRDDB1_sa09_20260702215845.txt → TCLFSLPRDDB1
[2026-07-02 21:58:50] INFO     | sar_watcher | Converting binary SAR via WSL: sa10
[2026-07-02 21:58:57] INFO     | sar_watcher |   Converted → TCLFSLPRDDB1_sa10_20260702215850.txt (1,750,894 bytes)
[2026-07-02 21:58:57] INFO     | sar_watcher | 📝 Queued [binary_converted]: TCLFSLPRDDB1_sa10_20260702215850.txt → TCLFSLPRDDB1
[2026-07-02 21:58:57] INFO     | sar_watcher | Converting binary SAR via WSL: sa11
[2026-07-02 21:59:03] INFO     | sar_watcher |   Converted → TCLFSLPRDDB1_sa11_20260702215857.txt (1,750,843 bytes)
[2026-07-02 21:59:03] INFO     | sar_watcher | 📝 Queued [binary_converted]: TCLFSLPRDDB1_sa11_20260702215857.txt → TCLFSLPRDDB1
[2026-07-02 21:59:03] INFO     | sar_watcher | Converting binary SAR via WSL: sa12
[2026-07-02 21:59:10] INFO     | sar_watcher |   Converted → TCLFSLPRDDB1_sa12_20260702215903.txt (1,750,851 bytes)
[2026-07-02 21:59:10] INFO     | sar_watcher | 📝 Queued [binary_converted]: TCLFSLPRDDB1_sa12_20260702215903.txt → TCLFSLPRDDB1
[2026-07-02 21:59:10] INFO     | sar_watcher | Converting binary SAR via WSL: sa13
[2026-07-02 21:59:10] INFO     | sar_watcher |   Converted → TCLFSLPRDDB1_sa13_20260702215910.txt (142,906 bytes)
[2026-07-02 21:59:10] INFO     | sar_watcher | 📝 Queued [binary_converted]: TCLFSLPRDDB1_sa13_20260702215910.txt → TCLFSLPRDDB1
[2026-07-02 21:59:10] INFO     | sar_watcher | Converting binary SAR via WSL: sa14
[2026-07-02 21:59:17] INFO     | sar_watcher |   Converted → TCLFSLPRDDB1_sa14_20260702215910.txt (2,338,355 bytes)
[2026-07-02 21:59:17] INFO     | sar_watcher | 📝 Queued [binary_converted]: TCLFSLPRDDB1_sa14_20260702215910.txt → TCLFSLPRDDB1
[2026-07-02 21:59:17] INFO     | sar_watcher | Converting binary SAR via WSL: sa15
[2026-07-02 21:59:23] INFO     | sar_watcher |   Converted → TCLFSLPRDDB1_sa15_20260702215917.txt (2,338,339 bytes)
[2026-07-02 21:59:23] INFO     | sar_watcher | 📝 Queued [binary_converted]: TCLFSLPRDDB1_sa15_20260702215917.txt → TCLFSLPRDDB1
[2026-07-02 21:59:23] INFO     | sar_watcher | Converting binary SAR via WSL: sa16
[2026-07-02 21:59:28] INFO     | sar_watcher |   Converted → TCLFSLPRDDB1_sa16_20260702215923.txt (2,338,409 bytes)
[2026-07-02 21:59:28] INFO     | sar_watcher | 📝 Queued [binary_converted]: TCLFSLPRDDB1_sa16_20260702215923.txt → TCLFSLPRDDB1
[2026-07-02 21:59:28] INFO     | sar_watcher | Converting binary SAR via WSL: sa17
[2026-07-02 21:59:32] INFO     | sar_watcher |   Converted → TCLFSLPRDDB1_sa17_20260702215928.txt (2,338,444 bytes)
[2026-07-02 21:59:32] INFO     | sar_watcher | 📝 Queued [binary_converted]: TCLFSLPRDDB1_sa17_20260702215928.txt → TCLFSLPRDDB1
[2026-07-02 21:59:32] INFO     | sar_watcher | Converting binary SAR via WSL: sa18
[2026-07-02 21:59:37] INFO     | sar_watcher |   Converted → TCLFSLPRDDB1_sa18_20260702215932.txt (2,338,391 bytes)
[2026-07-02 21:59:37] INFO     | sar_watcher | 📝 Queued [binary_converted]: TCLFSLPRDDB1_sa18_20260702215932.txt → TCLFSLPRDDB1
[2026-07-02 21:59:37] INFO     | sar_watcher | Converting binary SAR via WSL: sa19
[2026-07-02 21:59:41] INFO     | sar_watcher |   Converted → TCLFSLPRDDB1_sa19_20260702215937.txt (2,338,378 bytes)
[2026-07-02 21:59:41] INFO     | sar_watcher | 📝 Queued [binary_converted]: TCLFSLPRDDB1_sa19_20260702215937.txt → TCLFSLPRDDB1
[2026-07-02 21:59:41] INFO     | sar_watcher | Converting binary SAR via WSL: sa20
[2026-07-02 21:59:45] INFO     | sar_watcher |   Converted → TCLFSLPRDDB1_sa20_20260702215941.txt (2,338,390 bytes)
[2026-07-02 21:59:45] INFO     | sar_watcher | 📝 Queued [binary_converted]: TCLFSLPRDDB1_sa20_20260702215941.txt → TCLFSLPRDDB1
[2026-07-02 21:59:45] INFO     | sar_watcher | Converting binary SAR via WSL: sa21
[2026-07-02 21:59:52] INFO     | sar_watcher |   Converted → TCLFSLPRDDB1_sa21_20260702215945.txt (2,338,400 bytes)
[2026-07-02 21:59:52] INFO     | sar_watcher | 📝 Queued [binary_converted]: TCLFSLPRDDB1_sa21_20260702215945.txt → TCLFSLPRDDB1
[2026-07-02 21:59:52] INFO     | sar_watcher | Converting binary SAR via WSL: sa22
[2026-07-02 21:59:58] INFO     | sar_watcher |   Converted → TCLFSLPRDDB1_sa22_20260702215952.txt (2,338,361 bytes)
[2026-07-02 21:59:58] INFO     | sar_watcher | 📝 Queued [binary_converted]: TCLFSLPRDDB1_sa22_20260702215952.txt → TCLFSLPRDDB1
[2026-07-02 21:59:58] INFO     | sar_watcher | Converting binary SAR via WSL: sa23
[2026-07-02 22:00:05] INFO     | sar_watcher |   Converted → TCLFSLPRDDB1_sa23_20260702215958.txt (2,338,350 bytes)
[2026-07-02 22:00:05] INFO     | sar_watcher | 📝 Queued [binary_converted]: TCLFSLPRDDB1_sa23_20260702215958.txt → TCLFSLPRDDB1
[2026-07-02 22:00:05] INFO     | sar_watcher | Converting binary SAR via WSL: sa24
[2026-07-02 22:00:13] INFO     | sar_watcher |   Converted → TCLFSLPRDDB1_sa24_20260702220005.txt (2,338,421 bytes)
[2026-07-02 22:00:13] INFO     | sar_watcher | 📝 Queued [binary_converted]: TCLFSLPRDDB1_sa24_20260702220005.txt → TCLFSLPRDDB1
[2026-07-02 22:00:13] INFO     | sar_watcher | Converting binary SAR via WSL: sa25
[2026-07-02 22:00:22] INFO     | sar_watcher |   Converted → TCLFSLPRDDB1_sa25_20260702220013.txt (2,338,347 bytes)
[2026-07-02 22:00:22] INFO     | sar_watcher | 📝 Queued [binary_converted]: TCLFSLPRDDB1_sa25_20260702220013.txt → TCLFSLPRDDB1
[2026-07-02 22:00:22] INFO     | sar_watcher | Converting binary SAR via WSL: sa26
[2026-07-02 22:00:29] INFO     | sar_watcher |   Converted → TCLFSLPRDDB1_sa26_20260702220022.txt (1,802,844 bytes)
[2026-07-02 22:00:29] INFO     | sar_watcher | 📝 Queued [binary_converted]: TCLFSLPRDDB1_sa26_20260702220022.txt → TCLFSLPRDDB1
[2026-07-02 22:00:29] INFO     | sar_watcher | Converting binary SAR via WSL: sa27
[2026-07-02 22:00:36] INFO     | sar_watcher |   Converted → TCLFSLPRDDB1_sa27_20260702220029.txt (1,508,899 bytes)
[2026-07-02 22:00:36] INFO     | sar_watcher | 📝 Queued [binary_converted]: TCLFSLPRDDB1_sa27_20260702220029.txt → TCLFSLPRDDB1
[2026-07-02 22:00:36] INFO     | sar_watcher | Converting binary SAR via WSL: sa28
[2026-07-02 22:00:41] INFO     | sar_watcher |   Converted → TCLFSLPRDDB1_sa28_20260702220036.txt (1,508,937 bytes)
[2026-07-02 22:00:41] INFO     | sar_watcher | 📝 Queued [binary_converted]: TCLFSLPRDDB1_sa28_20260702220036.txt → TCLFSLPRDDB1
[2026-07-02 22:00:41] INFO     | sar_watcher | Converting binary SAR via WSL: sa29
[2026-07-02 22:00:48] INFO     | sar_watcher |   Converted → TCLFSLPRDDB1_sa29_20260702220041.txt (1,508,926 bytes)
[2026-07-02 22:00:48] INFO     | sar_watcher | 📝 Queued [binary_converted]: TCLFSLPRDDB1_sa29_20260702220041.txt → TCLFSLPRDDB1
[2026-07-02 22:00:48] INFO     | sar_watcher | Converting binary SAR via WSL: sa30
[2026-07-02 22:00:49] INFO     | sar_watcher |   Converted → TCLFSLPRDDB1_sa30_20260702220048.txt (358,965 bytes)
[2026-07-02 22:00:49] INFO     | sar_watcher | 📝 Queued [binary_converted]: TCLFSLPRDDB1_sa30_20260702220048.txt → TCLFSLPRDDB1
[2026-07-02 22:00:49] INFO     | sar_watcher | 📝 Queued [text]: sar02.txt → TCLFSLPRDDB1
[2026-07-02 22:01:04] INFO     | sar_watcher | Converting binary SAR via WSL: sa02
[2026-07-02 22:01:16] INFO     | sar_watcher |   Converted → TCLFSLPRDDB1_sa02_20260702220104.txt (1,750,851 bytes)
[2026-07-02 22:01:16] INFO     | sar_watcher | 📝 Queued [binary_converted]: TCLFSLPRDDB1_sa02_20260702220104.txt → TCLFSLPRDDB1
[2026-07-02 22:01:16] INFO     | sar_watcher | Converting binary SAR via WSL: sa03
[2026-07-02 22:01:21] INFO     | sar_watcher |   Converted → TCLFSLPRDDB1_sa03_20260702220116.txt (1,750,870 bytes)
[2026-07-02 22:01:21] INFO     | sar_watcher | 📝 Queued [binary_converted]: TCLFSLPRDDB1_sa03_20260702220116.txt → TCLFSLPRDDB1
[2026-07-02 22:01:21] INFO     | sar_watcher | Converting binary SAR via WSL: sa04
[2026-07-02 22:01:27] INFO     | sar_watcher |   Converted → TCLFSLPRDDB1_sa04_20260702220121.txt (1,750,835 bytes)
[2026-07-02 22:01:27] INFO     | sar_watcher | 📝 Queued [binary_converted]: TCLFSLPRDDB1_sa04_20260702220121.txt → TCLFSLPRDDB1
[2026-07-02 22:01:27] INFO     | sar_watcher | Converting binary SAR via WSL: sa05
[2026-07-02 22:01:37] INFO     | sar_watcher |   Converted → TCLFSLPRDDB1_sa05_20260702220127.txt (1,750,889 bytes)
[2026-07-02 22:01:37] INFO     | sar_watcher | 📝 Queued [binary_converted]: TCLFSLPRDDB1_sa05_20260702220127.txt → TCLFSLPRDDB1
[2026-07-02 22:01:37] INFO     | sar_watcher | Converting binary SAR via WSL: sa06
[2026-07-02 22:01:42] INFO     | sar_watcher |   Converted → TCLFSLPRDDB1_sa06_20260702220137.txt (1,750,848 bytes)
[2026-07-02 22:01:42] INFO     | sar_watcher | 📝 Queued [binary_converted]: TCLFSLPRDDB1_sa06_20260702220137.txt → TCLFSLPRDDB1
[2026-07-02 22:01:42] INFO     | sar_watcher | Converting binary SAR via WSL: sa07
[2026-07-02 22:01:47] INFO     | sar_watcher |   Converted → TCLFSLPRDDB1_sa07_20260702220142.txt (1,750,834 bytes)
[2026-07-02 22:01:47] INFO     | sar_watcher | 📝 Queued [binary_converted]: TCLFSLPRDDB1_sa07_20260702220142.txt → TCLFSLPRDDB1
[2026-07-02 22:01:47] INFO     | sar_watcher | Converting binary SAR via WSL: sa08
[2026-07-02 22:01:52] INFO     | sar_watcher |   Converted → TCLFSLPRDDB1_sa08_20260702220147.txt (1,750,838 bytes)
[2026-07-02 22:01:52] INFO     | sar_watcher | 📝 Queued [binary_converted]: TCLFSLPRDDB1_sa08_20260702220147.txt → TCLFSLPRDDB1
[2026-07-02 22:01:52] INFO     | sar_watcher | Converting binary SAR via WSL: sa09
[2026-07-02 22:01:57] INFO     | sar_watcher |   Converted → TCLFSLPRDDB1_sa09_20260702220152.txt (1,750,891 bytes)
[2026-07-02 22:01:57] INFO     | sar_watcher | 📝 Queued [binary_converted]: TCLFSLPRDDB1_sa09_20260702220152.txt → TCLFSLPRDDB1
[2026-07-02 22:01:57] INFO     | sar_watcher | Converting binary SAR via WSL: sa10
[2026-07-02 22:02:02] INFO     | sar_watcher |   Converted → TCLFSLPRDDB1_sa10_20260702220157.txt (1,750,894 bytes)
[2026-07-02 22:02:02] INFO     | sar_watcher | 📝 Queued [binary_converted]: TCLFSLPRDDB1_sa10_20260702220157.txt → TCLFSLPRDDB1
[2026-07-02 22:02:02] INFO     | sar_watcher | Converting binary SAR via WSL: sa11
[2026-07-02 22:02:07] INFO     | sar_watcher |   Converted → TCLFSLPRDDB1_sa11_20260702220202.txt (1,750,843 bytes)
[2026-07-02 22:02:07] INFO     | sar_watcher | 📝 Queued [binary_converted]: TCLFSLPRDDB1_sa11_20260702220202.txt → TCLFSLPRDDB1
[2026-07-02 22:02:07] INFO     | sar_watcher | Converting binary SAR via WSL: sa12
[2026-07-02 22:02:13] INFO     | sar_watcher |   Converted → TCLFSLPRDDB1_sa12_20260702220207.txt (1,750,851 bytes)
[2026-07-02 22:02:13] INFO     | sar_watcher | 📝 Queued [binary_converted]: TCLFSLPRDDB1_sa12_20260702220207.txt → TCLFSLPRDDB1
[2026-07-02 22:02:13] INFO     | sar_watcher | Converting binary SAR via WSL: sa13
[2026-07-02 22:02:14] INFO     | sar_watcher |   Converted → TCLFSLPRDDB1_sa13_20260702220213.txt (142,906 bytes)
[2026-07-02 22:02:14] INFO     | sar_watcher | 📝 Queued [binary_converted]: TCLFSLPRDDB1_sa13_20260702220213.txt → TCLFSLPRDDB1
[2026-07-02 22:02:14] INFO     | sar_watcher | Converting binary SAR via WSL: sa14
[2026-07-02 22:02:22] INFO     | sar_watcher |   Converted → TCLFSLPRDDB1_sa14_20260702220214.txt (2,338,355 bytes)
[2026-07-02 22:02:22] INFO     | sar_watcher | 📝 Queued [binary_converted]: TCLFSLPRDDB1_sa14_20260702220214.txt → TCLFSLPRDDB1
[2026-07-02 22:02:22] INFO     | sar_watcher | Converting binary SAR via WSL: sa15
[2026-07-02 22:02:28] INFO     | sar_watcher |   Converted → TCLFSLPRDDB1_sa15_20260702220222.txt (2,338,339 bytes)
[2026-07-02 22:02:28] INFO     | sar_watcher | 📝 Queued [binary_converted]: TCLFSLPRDDB1_sa15_20260702220222.txt → TCLFSLPRDDB1
[2026-07-02 22:02:28] INFO     | sar_watcher | Converting binary SAR via WSL: sa16
[2026-07-02 22:02:34] INFO     | sar_watcher |   Converted → TCLFSLPRDDB1_sa16_20260702220228.txt (2,338,409 bytes)
[2026-07-02 22:02:34] INFO     | sar_watcher | 📝 Queued [binary_converted]: TCLFSLPRDDB1_sa16_20260702220228.txt → TCLFSLPRDDB1
[2026-07-02 22:02:34] INFO     | sar_watcher | Converting binary SAR via WSL: sa17
[2026-07-02 22:02:41] INFO     | sar_watcher |   Converted → TCLFSLPRDDB1_sa17_20260702220234.txt (2,338,444 bytes)
[2026-07-02 22:02:41] INFO     | sar_watcher | 📝 Queued [binary_converted]: TCLFSLPRDDB1_sa17_20260702220234.txt → TCLFSLPRDDB1
[2026-07-02 22:02:41] INFO     | sar_watcher | Converting binary SAR via WSL: sa18
[2026-07-02 22:02:46] INFO     | sar_watcher |   Converted → TCLFSLPRDDB1_sa18_20260702220241.txt (2,338,391 bytes)
[2026-07-02 22:02:46] INFO     | sar_watcher | 📝 Queued [binary_converted]: TCLFSLPRDDB1_sa18_20260702220241.txt → TCLFSLPRDDB1
[2026-07-02 22:02:46] INFO     | sar_watcher | Converting binary SAR via WSL: sa19
[2026-07-02 22:02:51] INFO     | sar_watcher |   Converted → TCLFSLPRDDB1_sa19_20260702220246.txt (2,338,378 bytes)
[2026-07-02 22:02:51] INFO     | sar_watcher | 📝 Queued [binary_converted]: TCLFSLPRDDB1_sa19_20260702220246.txt → TCLFSLPRDDB1
[2026-07-02 22:02:51] INFO     | sar_watcher | Converting binary SAR via WSL: sa20
[2026-07-02 22:02:56] INFO     | sar_watcher |   Converted → TCLFSLPRDDB1_sa20_20260702220251.txt (2,338,390 bytes)
[2026-07-02 22:02:57] INFO     | sar_watcher | 📝 Queued [binary_converted]: TCLFSLPRDDB1_sa20_20260702220251.txt → TCLFSLPRDDB1
[2026-07-02 22:02:57] INFO     | sar_watcher | Converting binary SAR via WSL: sa21
[2026-07-02 22:03:02] INFO     | sar_watcher |   Converted → TCLFSLPRDDB1_sa21_20260702220257.txt (2,338,400 bytes)
[2026-07-02 22:03:02] INFO     | sar_watcher | 📝 Queued [binary_converted]: TCLFSLPRDDB1_sa21_20260702220257.txt → TCLFSLPRDDB1
[2026-07-02 22:03:02] INFO     | sar_watcher | Converting binary SAR via WSL: sa22
[2026-07-02 22:03:07] INFO     | sar_watcher |   Converted → TCLFSLPRDDB1_sa22_20260702220302.txt (2,338,361 bytes)
[2026-07-02 22:03:07] INFO     | sar_watcher | 📝 Queued [binary_converted]: TCLFSLPRDDB1_sa22_20260702220302.txt → TCLFSLPRDDB1
[2026-07-02 22:03:07] INFO     | sar_watcher | Converting binary SAR via WSL: sa23
[2026-07-02 22:03:14] INFO     | sar_watcher |   Converted → TCLFSLPRDDB1_sa23_20260702220307.txt (2,338,350 bytes)
[2026-07-02 22:03:14] INFO     | sar_watcher | 📝 Queued [binary_converted]: TCLFSLPRDDB1_sa23_20260702220307.txt → TCLFSLPRDDB1
[2026-07-02 22:03:14] INFO     | sar_watcher | Converting binary SAR via WSL: sa24
[2026-07-02 22:03:21] INFO     | sar_watcher |   Converted → TCLFSLPRDDB1_sa24_20260702220314.txt (2,338,421 bytes)
[2026-07-02 22:03:21] INFO     | sar_watcher | 📝 Queued [binary_converted]: TCLFSLPRDDB1_sa24_20260702220314.txt → TCLFSLPRDDB1
[2026-07-02 22:03:21] INFO     | sar_watcher | Converting binary SAR via WSL: sa25
[2026-07-02 22:03:27] INFO     | sar_watcher |   Converted → TCLFSLPRDDB1_sa25_20260702220321.txt (2,338,347 bytes)
[2026-07-02 22:03:27] INFO     | sar_watcher | 📝 Queued [binary_converted]: TCLFSLPRDDB1_sa25_20260702220321.txt → TCLFSLPRDDB1
[2026-07-02 22:03:27] INFO     | sar_watcher | Converting binary SAR via WSL: sa26
[2026-07-02 22:03:33] INFO     | sar_watcher |   Converted → TCLFSLPRDDB1_sa26_20260702220327.txt (1,802,844 bytes)
[2026-07-02 22:03:33] INFO     | sar_watcher | 📝 Queued [binary_converted]: TCLFSLPRDDB1_sa26_20260702220327.txt → TCLFSLPRDDB1
[2026-07-02 22:03:33] INFO     | sar_watcher | Converting binary SAR via WSL: sa27
[2026-07-02 22:03:41] INFO     | sar_watcher |   Converted → TCLFSLPRDDB1_sa27_20260702220333.txt (1,508,899 bytes)
[2026-07-02 22:03:41] INFO     | sar_watcher | 📝 Queued [binary_converted]: TCLFSLPRDDB1_sa27_20260702220333.txt → TCLFSLPRDDB1
[2026-07-02 22:03:41] INFO     | sar_watcher | Converting binary SAR via WSL: sa28
[2026-07-02 22:03:49] INFO     | sar_watcher |   Converted → TCLFSLPRDDB1_sa28_20260702220341.txt (1,508,937 bytes)
[2026-07-02 22:03:49] INFO     | sar_watcher | 📝 Queued [binary_converted]: TCLFSLPRDDB1_sa28_20260702220341.txt → TCLFSLPRDDB1
[2026-07-02 22:03:49] INFO     | sar_watcher | Converting binary SAR via WSL: sa29
[2026-07-02 22:03:57] INFO     | sar_watcher |   Converted → TCLFSLPRDDB1_sa29_20260702220349.txt (1,508,926 bytes)
[2026-07-02 22:03:57] INFO     | sar_watcher | 📝 Queued [binary_converted]: TCLFSLPRDDB1_sa29_20260702220349.txt → TCLFSLPRDDB1
[2026-07-02 22:03:57] INFO     | sar_watcher | Converting binary SAR via WSL: sa30
[2026-07-02 22:03:59] INFO     | sar_watcher |   Converted → TCLFSLPRDDB1_sa30_20260702220357.txt (358,965 bytes)
[2026-07-02 22:03:59] INFO     | sar_watcher | 📝 Queued [binary_converted]: TCLFSLPRDDB1_sa30_20260702220357.txt → TCLFSLPRDDB1
[2026-07-02 22:04:14] INFO     | sar_watcher | Converting binary SAR via WSL: sa02
[2026-07-02 22:04:28] INFO     | sar_watcher |   Converted → TCLFSLPRDDB1_sa02_20260702220414.txt (1,750,851 bytes)
[2026-07-02 22:04:28] INFO     | sar_watcher | 📝 Queued [binary_converted]: TCLFSLPRDDB1_sa02_20260702220414.txt → TCLFSLPRDDB1
[2026-07-02 22:04:28] INFO     | sar_watcher | Converting binary SAR via WSL: sa03
[2026-07-02 22:04:38] INFO     | sar_watcher |   Converted → TCLFSLPRDDB1_sa03_20260702220428.txt (1,750,870 bytes)
[2026-07-02 22:04:38] INFO     | sar_watcher | 📝 Queued [binary_converted]: TCLFSLPRDDB1_sa03_20260702220428.txt → TCLFSLPRDDB1
[2026-07-02 22:04:38] INFO     | sar_watcher | Converting binary SAR via WSL: sa04
[2026-07-02 22:04:46] INFO     | sar_watcher |   Converted → TCLFSLPRDDB1_sa04_20260702220438.txt (1,750,835 bytes)
[2026-07-02 22:04:46] INFO     | sar_watcher | 📝 Queued [binary_converted]: TCLFSLPRDDB1_sa04_20260702220438.txt → TCLFSLPRDDB1
[2026-07-02 22:04:46] INFO     | sar_watcher | Converting binary SAR via WSL: sa05
[2026-07-02 22:04:53] INFO     | sar_watcher |   Converted → TCLFSLPRDDB1_sa05_20260702220446.txt (1,750,889 bytes)
[2026-07-02 22:04:53] INFO     | sar_watcher | 📝 Queued [binary_converted]: TCLFSLPRDDB1_sa05_20260702220446.txt → TCLFSLPRDDB1
[2026-07-02 22:04:53] INFO     | sar_watcher | Converting binary SAR via WSL: sa06
[2026-07-02 22:04:59] INFO     | sar_watcher |   Converted → TCLFSLPRDDB1_sa06_20260702220453.txt (1,750,848 bytes)
[2026-07-02 22:04:59] INFO     | sar_watcher | 📝 Queued [binary_converted]: TCLFSLPRDDB1_sa06_20260702220453.txt → TCLFSLPRDDB1
[2026-07-02 22:04:59] INFO     | sar_watcher | Converting binary SAR via WSL: sa07
[2026-07-02 22:05:04] INFO     | sar_watcher |   Converted → TCLFSLPRDDB1_sa07_20260702220459.txt (1,750,834 bytes)
[2026-07-02 22:05:04] INFO     | sar_watcher | 📝 Queued [binary_converted]: TCLFSLPRDDB1_sa07_20260702220459.txt → TCLFSLPRDDB1
[2026-07-02 22:05:04] INFO     | sar_watcher | Converting binary SAR via WSL: sa08
[2026-07-02 22:05:10] INFO     | sar_watcher |   Converted → TCLFSLPRDDB1_sa08_20260702220504.txt (1,750,838 bytes)
[2026-07-02 22:05:10] INFO     | sar_watcher | 📝 Queued [binary_converted]: TCLFSLPRDDB1_sa08_20260702220504.txt → TCLFSLPRDDB1
[2026-07-02 22:05:10] INFO     | sar_watcher | Converting binary SAR via WSL: sa09
[2026-07-02 22:05:17] INFO     | sar_watcher |   Converted → TCLFSLPRDDB1_sa09_20260702220510.txt (1,750,891 bytes)
[2026-07-02 22:05:17] INFO     | sar_watcher | 📝 Queued [binary_converted]: TCLFSLPRDDB1_sa09_20260702220510.txt → TCLFSLPRDDB1
[2026-07-02 22:05:17] INFO     | sar_watcher | Converting binary SAR via WSL: sa10
[2026-07-02 22:05:24] INFO     | sar_watcher |   Converted → TCLFSLPRDDB1_sa10_20260702220517.txt (1,750,894 bytes)
[2026-07-02 22:05:24] INFO     | sar_watcher | 📝 Queued [binary_converted]: TCLFSLPRDDB1_sa10_20260702220517.txt → TCLFSLPRDDB1
[2026-07-02 22:05:24] INFO     | sar_watcher | Converting binary SAR via WSL: sa11
[2026-07-02 22:05:30] INFO     | sar_watcher |   Converted → TCLFSLPRDDB1_sa11_20260702220524.txt (1,750,843 bytes)
[2026-07-02 22:05:30] INFO     | sar_watcher | 📝 Queued [binary_converted]: TCLFSLPRDDB1_sa11_20260702220524.txt → TCLFSLPRDDB1
[2026-07-02 22:05:30] INFO     | sar_watcher | Converting binary SAR via WSL: sa12
[2026-07-02 22:05:37] INFO     | sar_watcher |   Converted → TCLFSLPRDDB1_sa12_20260702220530.txt (1,750,851 bytes)
[2026-07-02 22:05:38] INFO     | sar_watcher | 📝 Queued [binary_converted]: TCLFSLPRDDB1_sa12_20260702220530.txt → TCLFSLPRDDB1
[2026-07-02 22:05:38] INFO     | sar_watcher | Converting binary SAR via WSL: sa13
[2026-07-02 22:05:38] INFO     | sar_watcher |   Converted → TCLFSLPRDDB1_sa13_20260702220538.txt (142,906 bytes)
[2026-07-02 22:05:38] INFO     | sar_watcher | 📝 Queued [binary_converted]: TCLFSLPRDDB1_sa13_20260702220538.txt → TCLFSLPRDDB1
[2026-07-02 22:05:38] INFO     | sar_watcher | Converting binary SAR via WSL: sa14
[2026-07-02 22:05:44] INFO     | sar_watcher |   Converted → TCLFSLPRDDB1_sa14_20260702220538.txt (2,338,355 bytes)
[2026-07-02 22:05:44] INFO     | sar_watcher | 📝 Queued [binary_converted]: TCLFSLPRDDB1_sa14_20260702220538.txt → TCLFSLPRDDB1
[2026-07-02 22:05:44] INFO     | sar_watcher | Converting binary SAR via WSL: sa15
[2026-07-02 22:05:50] INFO     | sar_watcher |   Converted → TCLFSLPRDDB1_sa15_20260702220544.txt (2,338,339 bytes)
[2026-07-02 22:05:50] INFO     | sar_watcher | 📝 Queued [binary_converted]: TCLFSLPRDDB1_sa15_20260702220544.txt → TCLFSLPRDDB1
[2026-07-02 22:05:50] INFO     | sar_watcher | Converting binary SAR via WSL: sa16
[2026-07-02 22:05:56] INFO     | sar_watcher |   Converted → TCLFSLPRDDB1_sa16_20260702220550.txt (2,338,409 bytes)
[2026-07-02 22:05:56] INFO     | sar_watcher | 📝 Queued [binary_converted]: TCLFSLPRDDB1_sa16_20260702220550.txt → TCLFSLPRDDB1
[2026-07-02 22:05:56] INFO     | sar_watcher | Converting binary SAR via WSL: sa17
[2026-07-02 22:06:03] INFO     | sar_watcher |   Converted → TCLFSLPRDDB1_sa17_20260702220556.txt (2,338,444 bytes)
[2026-07-02 22:06:03] INFO     | sar_watcher | 📝 Queued [binary_converted]: TCLFSLPRDDB1_sa17_20260702220556.txt → TCLFSLPRDDB1
[2026-07-02 22:06:03] INFO     | sar_watcher | Converting binary SAR via WSL: sa18
[2026-07-02 22:06:08] INFO     | sar_watcher |   Converted → TCLFSLPRDDB1_sa18_20260702220603.txt (2,338,391 bytes)
[2026-07-02 22:06:08] INFO     | sar_watcher | 📝 Queued [binary_converted]: TCLFSLPRDDB1_sa18_20260702220603.txt → TCLFSLPRDDB1
[2026-07-02 22:06:08] INFO     | sar_watcher | Converting binary SAR via WSL: sa19
[2026-07-02 22:06:14] INFO     | sar_watcher |   Converted → TCLFSLPRDDB1_sa19_20260702220608.txt (2,338,378 bytes)
[2026-07-02 22:06:14] INFO     | sar_watcher | 📝 Queued [binary_converted]: TCLFSLPRDDB1_sa19_20260702220608.txt → TCLFSLPRDDB1
[2026-07-02 22:06:14] INFO     | sar_watcher | Converting binary SAR via WSL: sa20
[2026-07-02 22:06:19] INFO     | sar_watcher |   Converted → TCLFSLPRDDB1_sa20_20260702220614.txt (2,338,390 bytes)
[2026-07-02 22:06:19] INFO     | sar_watcher | 📝 Queued [binary_converted]: TCLFSLPRDDB1_sa20_20260702220614.txt → TCLFSLPRDDB1
[2026-07-02 22:06:19] INFO     | sar_watcher | Converting binary SAR via WSL: sa21
[2026-07-02 22:06:24] INFO     | sar_watcher |   Converted → TCLFSLPRDDB1_sa21_20260702220619.txt (2,338,400 bytes)
[2026-07-02 22:06:24] INFO     | sar_watcher | 📝 Queued [binary_converted]: TCLFSLPRDDB1_sa21_20260702220619.txt → TCLFSLPRDDB1
[2026-07-02 22:06:24] INFO     | sar_watcher | Converting binary SAR via WSL: sa22
[2026-07-02 22:06:29] INFO     | sar_watcher |   Converted → TCLFSLPRDDB1_sa22_20260702220624.txt (2,338,361 bytes)
[2026-07-02 22:06:29] INFO     | sar_watcher | 📝 Queued [binary_converted]: TCLFSLPRDDB1_sa22_20260702220624.txt → TCLFSLPRDDB1
[2026-07-02 22:06:29] INFO     | sar_watcher | Converting binary SAR via WSL: sa23
[2026-07-02 22:06:33] INFO     | sar_watcher |   Converted → TCLFSLPRDDB1_sa23_20260702220629.txt (2,338,350 bytes)
[2026-07-02 22:06:33] INFO     | sar_watcher | 📝 Queued [binary_converted]: TCLFSLPRDDB1_sa23_20260702220629.txt → TCLFSLPRDDB1
[2026-07-02 22:06:33] INFO     | sar_watcher | Converting binary SAR via WSL: sa24
[2026-07-02 22:06:38] INFO     | sar_watcher |   Converted → TCLFSLPRDDB1_sa24_20260702220633.txt (2,338,421 bytes)
[2026-07-02 22:06:38] INFO     | sar_watcher | 📝 Queued [binary_converted]: TCLFSLPRDDB1_sa24_20260702220633.txt → TCLFSLPRDDB1
[2026-07-02 22:06:38] INFO     | sar_watcher | Converting binary SAR via WSL: sa25
[2026-07-02 22:06:41] INFO     | sar_watcher |   Converted → TCLFSLPRDDB1_sa25_20260702220638.txt (2,338,347 bytes)
[2026-07-02 22:06:41] INFO     | sar_watcher | 📝 Queued [binary_converted]: TCLFSLPRDDB1_sa25_20260702220638.txt → TCLFSLPRDDB1
[2026-07-02 22:06:41] INFO     | sar_watcher | Converting binary SAR via WSL: sa26
[2026-07-02 22:06:46] INFO     | sar_watcher |   Converted → TCLFSLPRDDB1_sa26_20260702220641.txt (1,802,844 bytes)
[2026-07-02 22:06:46] INFO     | sar_watcher | 📝 Queued [binary_converted]: TCLFSLPRDDB1_sa26_20260702220641.txt → TCLFSLPRDDB1
[2026-07-02 22:06:46] INFO     | sar_watcher | Converting binary SAR via WSL: sa27
[2026-07-02 22:06:51] INFO     | sar_watcher |   Converted → TCLFSLPRDDB1_sa27_20260702220646.txt (1,508,899 bytes)
[2026-07-02 22:06:51] INFO     | sar_watcher | 📝 Queued [binary_converted]: TCLFSLPRDDB1_sa27_20260702220646.txt → TCLFSLPRDDB1
[2026-07-02 22:06:51] INFO     | sar_watcher | Converting binary SAR via WSL: sa28
[2026-07-02 22:06:55] INFO     | sar_watcher |   Converted → TCLFSLPRDDB1_sa28_20260702220651.txt (1,508,937 bytes)
[2026-07-02 22:06:55] INFO     | sar_watcher | 📝 Queued [binary_converted]: TCLFSLPRDDB1_sa28_20260702220651.txt → TCLFSLPRDDB1
[2026-07-02 22:06:55] INFO     | sar_watcher | Converting binary SAR via WSL: sa29
[2026-07-02 22:06:59] INFO     | sar_watcher |   Converted → TCLFSLPRDDB1_sa29_20260702220655.txt (1,508,926 bytes)
[2026-07-02 22:06:59] INFO     | sar_watcher | 📝 Queued [binary_converted]: TCLFSLPRDDB1_sa29_20260702220655.txt → TCLFSLPRDDB1
[2026-07-02 22:06:59] INFO     | sar_watcher | Converting binary SAR via WSL: sa30
[2026-07-02 22:07:00] INFO     | sar_watcher |   Converted → TCLFSLPRDDB1_sa30_20260702220659.txt (358,965 bytes)
[2026-07-02 22:07:00] INFO     | sar_watcher | 📝 Queued [binary_converted]: TCLFSLPRDDB1_sa30_20260702220659.txt → TCLFSLPRDDB1
[2026-07-02 22:07:15] INFO     | sar_watcher | Converting binary SAR via WSL: sa02
[2026-07-02 22:07:25] INFO     | sar_watcher |   Converted → TCLFSLPRDDB1_sa02_20260702220715.txt (1,750,851 bytes)
[2026-07-02 22:07:25] INFO     | sar_watcher | 📝 Queued [binary_converted]: TCLFSLPRDDB1_sa02_20260702220715.txt → TCLFSLPRDDB1
[2026-07-02 22:07:25] INFO     | sar_watcher | Converting binary SAR via WSL: sa03
[2026-07-02 22:07:32] INFO     | sar_watcher |   Converted → TCLFSLPRDDB1_sa03_20260702220725.txt (1,750,870 bytes)
[2026-07-02 22:07:32] INFO     | sar_watcher | 📝 Queued [binary_converted]: TCLFSLPRDDB1_sa03_20260702220725.txt → TCLFSLPRDDB1
[2026-07-02 22:07:32] INFO     | sar_watcher | Converting binary SAR via WSL: sa04
[2026-07-02 22:07:38] INFO     | sar_watcher |   Converted → TCLFSLPRDDB1_sa04_20260702220732.txt (1,750,835 bytes)
[2026-07-02 22:07:38] INFO     | sar_watcher | 📝 Queued [binary_converted]: TCLFSLPRDDB1_sa04_20260702220732.txt → TCLFSLPRDDB1
[2026-07-02 22:07:38] INFO     | sar_watcher | Converting binary SAR via WSL: sa05
[2026-07-02 22:07:44] INFO     | sar_watcher |   Converted → TCLFSLPRDDB1_sa05_20260702220738.txt (1,750,889 bytes)
[2026-07-02 22:07:44] INFO     | sar_watcher | 📝 Queued [binary_converted]: TCLFSLPRDDB1_sa05_20260702220738.txt → TCLFSLPRDDB1
[2026-07-02 22:07:44] INFO     | sar_watcher | Converting binary SAR via WSL: sa06
[2026-07-02 22:07:50] INFO     | sar_watcher |   Converted → TCLFSLPRDDB1_sa06_20260702220744.txt (1,750,848 bytes)
[2026-07-02 22:07:50] INFO     | sar_watcher | 📝 Queued [binary_converted]: TCLFSLPRDDB1_sa06_20260702220744.txt → TCLFSLPRDDB1
[2026-07-02 22:07:50] INFO     | sar_watcher | Converting binary SAR via WSL: sa07
[2026-07-02 22:07:57] INFO     | sar_watcher |   Converted → TCLFSLPRDDB1_sa07_20260702220750.txt (1,750,834 bytes)
[2026-07-02 22:07:57] INFO     | sar_watcher | 📝 Queued [binary_converted]: TCLFSLPRDDB1_sa07_20260702220750.txt → TCLFSLPRDDB1
[2026-07-02 22:07:57] INFO     | sar_watcher | Converting binary SAR via WSL: sa08
[2026-07-02 22:08:03] INFO     | sar_watcher |   Converted → TCLFSLPRDDB1_sa08_20260702220757.txt (1,750,838 bytes)
[2026-07-02 22:08:03] INFO     | sar_watcher | 📝 Queued [binary_converted]: TCLFSLPRDDB1_sa08_20260702220757.txt → TCLFSLPRDDB1
[2026-07-02 22:08:03] INFO     | sar_watcher | Converting binary SAR via WSL: sa09
[2026-07-02 22:08:08] INFO     | sar_watcher |   Converted → TCLFSLPRDDB1_sa09_20260702220803.txt (1,750,891 bytes)
[2026-07-02 22:08:08] INFO     | sar_watcher | 📝 Queued [binary_converted]: TCLFSLPRDDB1_sa09_20260702220803.txt → TCLFSLPRDDB1
[2026-07-02 22:08:08] INFO     | sar_watcher | Converting binary SAR via WSL: sa10
[2026-07-02 22:08:14] INFO     | sar_watcher |   Converted → TCLFSLPRDDB1_sa10_20260702220808.txt (1,750,894 bytes)
[2026-07-02 22:08:14] INFO     | sar_watcher | 📝 Queued [binary_converted]: TCLFSLPRDDB1_sa10_20260702220808.txt → TCLFSLPRDDB1
[2026-07-02 22:08:14] INFO     | sar_watcher | Converting binary SAR via WSL: sa11
[2026-07-02 22:08:22] INFO     | sar_watcher |   Converted → TCLFSLPRDDB1_sa11_20260702220814.txt (1,750,843 bytes)
[2026-07-02 22:08:22] INFO     | sar_watcher | 📝 Queued [binary_converted]: TCLFSLPRDDB1_sa11_20260702220814.txt → TCLFSLPRDDB1
[2026-07-02 22:08:22] INFO     | sar_watcher | Converting binary SAR via WSL: sa12
[2026-07-02 22:08:30] INFO     | sar_watcher |   Converted → TCLFSLPRDDB1_sa12_20260702220822.txt (1,750,851 bytes)
[2026-07-02 22:08:30] INFO     | sar_watcher | 📝 Queued [binary_converted]: TCLFSLPRDDB1_sa12_20260702220822.txt → TCLFSLPRDDB1
[2026-07-02 22:08:30] INFO     | sar_watcher | Converting binary SAR via WSL: sa13
[2026-07-02 22:08:31] INFO     | sar_watcher |   Converted → TCLFSLPRDDB1_sa13_20260702220830.txt (142,906 bytes)
[2026-07-02 22:08:31] INFO     | sar_watcher | 📝 Queued [binary_converted]: TCLFSLPRDDB1_sa13_20260702220830.txt → TCLFSLPRDDB1
[2026-07-02 22:08:31] INFO     | sar_watcher | Converting binary SAR via WSL: sa14
[2026-07-02 22:08:39] INFO     | sar_watcher |   Converted → TCLFSLPRDDB1_sa14_20260702220831.txt (2,338,355 bytes)
[2026-07-02 22:08:39] INFO     | sar_watcher | 📝 Queued [binary_converted]: TCLFSLPRDDB1_sa14_20260702220831.txt → TCLFSLPRDDB1
[2026-07-02 22:08:39] INFO     | sar_watcher | Converting binary SAR via WSL: sa15
[2026-07-02 22:08:45] INFO     | sar_watcher |   Converted → TCLFSLPRDDB1_sa15_20260702220839.txt (2,338,339 bytes)
[2026-07-02 22:08:45] INFO     | sar_watcher | 📝 Queued [binary_converted]: TCLFSLPRDDB1_sa15_20260702220839.txt → TCLFSLPRDDB1
[2026-07-02 22:08:45] INFO     | sar_watcher | Converting binary SAR via WSL: sa16
[2026-07-02 22:08:52] INFO     | sar_watcher |   Converted → TCLFSLPRDDB1_sa16_20260702220845.txt (2,338,409 bytes)
[2026-07-02 22:08:52] INFO     | sar_watcher | 📝 Queued [binary_converted]: TCLFSLPRDDB1_sa16_20260702220845.txt → TCLFSLPRDDB1
[2026-07-02 22:08:52] INFO     | sar_watcher | Converting binary SAR via WSL: sa17
[2026-07-02 22:08:58] INFO     | sar_watcher |   Converted → TCLFSLPRDDB1_sa17_20260702220852.txt (2,338,444 bytes)
[2026-07-02 22:08:58] INFO     | sar_watcher | 📝 Queued [binary_converted]: TCLFSLPRDDB1_sa17_20260702220852.txt → TCLFSLPRDDB1
[2026-07-02 22:08:58] INFO     | sar_watcher | Converting binary SAR via WSL: sa18
[2026-07-02 22:09:05] INFO     | sar_watcher |   Converted → TCLFSLPRDDB1_sa18_20260702220858.txt (2,338,391 bytes)
[2026-07-02 22:09:05] INFO     | sar_watcher | 📝 Queued [binary_converted]: TCLFSLPRDDB1_sa18_20260702220858.txt → TCLFSLPRDDB1
[2026-07-02 22:09:05] INFO     | sar_watcher | Converting binary SAR via WSL: sa19
[2026-07-02 22:09:13] INFO     | sar_watcher |   Converted → TCLFSLPRDDB1_sa19_20260702220905.txt (2,338,378 bytes)
[2026-07-02 22:09:13] INFO     | sar_watcher | 📝 Queued [binary_converted]: TCLFSLPRDDB1_sa19_20260702220905.txt → TCLFSLPRDDB1
[2026-07-02 22:09:13] INFO     | sar_watcher | Converting binary SAR via WSL: sa20
[2026-07-02 22:09:22] INFO     | sar_watcher |   Converted → TCLFSLPRDDB1_sa20_20260702220913.txt (2,338,390 bytes)
[2026-07-02 22:09:22] INFO     | sar_watcher | 📝 Queued [binary_converted]: TCLFSLPRDDB1_sa20_20260702220913.txt → TCLFSLPRDDB1
[2026-07-02 22:09:22] INFO     | sar_watcher | Converting binary SAR via WSL: sa21
[2026-07-02 22:09:29] INFO     | sar_watcher |   Converted → TCLFSLPRDDB1_sa21_20260702220922.txt (2,338,400 bytes)
[2026-07-02 22:09:29] INFO     | sar_watcher | 📝 Queued [binary_converted]: TCLFSLPRDDB1_sa21_20260702220922.txt → TCLFSLPRDDB1
[2026-07-02 22:09:29] INFO     | sar_watcher | Converting binary SAR via WSL: sa22
[2026-07-02 22:09:35] INFO     | sar_watcher |   Converted → TCLFSLPRDDB1_sa22_20260702220929.txt (2,338,361 bytes)
[2026-07-02 22:09:35] INFO     | sar_watcher | 📝 Queued [binary_converted]: TCLFSLPRDDB1_sa22_20260702220929.txt → TCLFSLPRDDB1
[2026-07-02 22:09:35] INFO     | sar_watcher | Converting binary SAR via WSL: sa23
[2026-07-02 22:09:46] INFO     | sar_watcher |   Converted → TCLFSLPRDDB1_sa23_20260702220935.txt (2,338,350 bytes)
[2026-07-02 22:09:46] INFO     | sar_watcher | 📝 Queued [binary_converted]: TCLFSLPRDDB1_sa23_20260702220935.txt → TCLFSLPRDDB1
[2026-07-02 22:09:46] INFO     | sar_watcher | Converting binary SAR via WSL: sa24
[2026-07-02 22:09:52] INFO     | sar_watcher |   Converted → TCLFSLPRDDB1_sa24_20260702220946.txt (2,338,421 bytes)
[2026-07-02 22:09:52] INFO     | sar_watcher | 📝 Queued [binary_converted]: TCLFSLPRDDB1_sa24_20260702220946.txt → TCLFSLPRDDB1
[2026-07-02 22:09:52] INFO     | sar_watcher | Converting binary SAR via WSL: sa25
[2026-07-02 22:09:58] INFO     | sar_watcher |   Converted → TCLFSLPRDDB1_sa25_20260702220952.txt (2,338,347 bytes)
[2026-07-02 22:09:58] INFO     | sar_watcher | 📝 Queued [binary_converted]: TCLFSLPRDDB1_sa25_20260702220952.txt → TCLFSLPRDDB1
[2026-07-02 22:09:58] INFO     | sar_watcher | Converting binary SAR via WSL: sa26
[2026-07-02 22:10:04] INFO     | sar_watcher |   Converted → TCLFSLPRDDB1_sa26_20260702220958.txt (1,802,844 bytes)
[2026-07-02 22:10:04] INFO     | sar_watcher | 📝 Queued [binary_converted]: TCLFSLPRDDB1_sa26_20260702220958.txt → TCLFSLPRDDB1
[2026-07-02 22:10:04] INFO     | sar_watcher | Converting binary SAR via WSL: sa27
[2026-07-02 22:10:09] INFO     | sar_watcher |   Converted → TCLFSLPRDDB1_sa27_20260702221004.txt (1,508,899 bytes)
[2026-07-02 22:10:09] INFO     | sar_watcher | 📝 Queued [binary_converted]: TCLFSLPRDDB1_sa27_20260702221004.txt → TCLFSLPRDDB1
[2026-07-02 22:10:09] INFO     | sar_watcher | Converting binary SAR via WSL: sa28
[2026-07-02 22:10:15] INFO     | sar_watcher |   Converted → TCLFSLPRDDB1_sa28_20260702221009.txt (1,508,937 bytes)
[2026-07-02 22:10:15] INFO     | sar_watcher | 📝 Queued [binary_converted]: TCLFSLPRDDB1_sa28_20260702221009.txt → TCLFSLPRDDB1
[2026-07-02 22:10:15] INFO     | sar_watcher | Converting binary SAR via WSL: sa29
[2026-07-02 22:10:21] INFO     | sar_watcher |   Converted → TCLFSLPRDDB1_sa29_20260702221015.txt (1,508,926 bytes)
[2026-07-02 22:10:21] INFO     | sar_watcher | 📝 Queued [binary_converted]: TCLFSLPRDDB1_sa29_20260702221015.txt → TCLFSLPRDDB1
[2026-07-02 22:10:21] INFO     | sar_watcher | Converting binary SAR via WSL: sa30
[2026-07-02 22:10:22] INFO     | sar_watcher |   Converted → TCLFSLPRDDB1_sa30_20260702221021.txt (358,965 bytes)
[2026-07-02 22:10:22] INFO     | sar_watcher | 📝 Queued [binary_converted]: TCLFSLPRDDB1_sa30_20260702221021.txt → TCLFSLPRDDB1
[2026-07-02 22:10:37] INFO     | sar_watcher | Converting binary SAR via WSL: sa02
[2026-07-02 22:10:52] INFO     | sar_watcher |   Converted → TCLFSLPRDDB1_sa02_20260702221037.txt (1,750,851 bytes)
[2026-07-02 22:10:52] INFO     | sar_watcher | 📝 Queued [binary_converted]: TCLFSLPRDDB1_sa02_20260702221037.txt → TCLFSLPRDDB1
[2026-07-02 22:10:52] INFO     | sar_watcher | Converting binary SAR via WSL: sa03
[2026-07-02 22:11:00] INFO     | sar_watcher |   Converted → TCLFSLPRDDB1_sa03_20260702221052.txt (1,750,870 bytes)
[2026-07-02 22:11:00] INFO     | sar_watcher | 📝 Queued [binary_converted]: TCLFSLPRDDB1_sa03_20260702221052.txt → TCLFSLPRDDB1
[2026-07-02 22:11:00] INFO     | sar_watcher | Converting binary SAR via WSL: sa04
[2026-07-02 22:11:08] INFO     | sar_watcher |   Converted → TCLFSLPRDDB1_sa04_20260702221100.txt (1,750,835 bytes)
[2026-07-02 22:11:08] INFO     | sar_watcher | 📝 Queued [binary_converted]: TCLFSLPRDDB1_sa04_20260702221100.txt → TCLFSLPRDDB1
[2026-07-02 22:11:08] INFO     | sar_watcher | Converting binary SAR via WSL: sa05
[2026-07-02 22:11:15] INFO     | sar_watcher |   Converted → TCLFSLPRDDB1_sa05_20260702221108.txt (1,750,889 bytes)
[2026-07-02 22:11:15] INFO     | sar_watcher | 📝 Queued [binary_converted]: TCLFSLPRDDB1_sa05_20260702221108.txt → TCLFSLPRDDB1
[2026-07-02 22:11:15] INFO     | sar_watcher | Converting binary SAR via WSL: sa06
[2026-07-02 22:11:22] INFO     | sar_watcher |   Converted → TCLFSLPRDDB1_sa06_20260702221115.txt (1,750,848 bytes)
[2026-07-02 22:11:22] INFO     | sar_watcher | 📝 Queued [binary_converted]: TCLFSLPRDDB1_sa06_20260702221115.txt → TCLFSLPRDDB1
[2026-07-02 22:11:22] INFO     | sar_watcher | Converting binary SAR via WSL: sa07
[2026-07-02 22:11:29] INFO     | sar_watcher |   Converted → TCLFSLPRDDB1_sa07_20260702221122.txt (1,750,834 bytes)
[2026-07-02 22:11:29] INFO     | sar_watcher | 📝 Queued [binary_converted]: TCLFSLPRDDB1_sa07_20260702221122.txt → TCLFSLPRDDB1
[2026-07-02 22:11:29] INFO     | sar_watcher | Converting binary SAR via WSL: sa08
[2026-07-02 22:11:36] INFO     | sar_watcher |   Converted → TCLFSLPRDDB1_sa08_20260702221129.txt (1,750,838 bytes)
[2026-07-02 22:11:36] INFO     | sar_watcher | 📝 Queued [binary_converted]: TCLFSLPRDDB1_sa08_20260702221129.txt → TCLFSLPRDDB1
[2026-07-02 22:11:36] INFO     | sar_watcher | Converting binary SAR via WSL: sa09
[2026-07-02 22:11:42] INFO     | sar_watcher |   Converted → TCLFSLPRDDB1_sa09_20260702221136.txt (1,750,891 bytes)
[2026-07-02 22:11:42] INFO     | sar_watcher | 📝 Queued [binary_converted]: TCLFSLPRDDB1_sa09_20260702221136.txt → TCLFSLPRDDB1
[2026-07-02 22:11:42] INFO     | sar_watcher | Converting binary SAR via WSL: sa10
[2026-07-02 22:11:49] INFO     | sar_watcher |   Converted → TCLFSLPRDDB1_sa10_20260702221142.txt (1,750,894 bytes)
[2026-07-02 22:11:49] INFO     | sar_watcher | 📝 Queued [binary_converted]: TCLFSLPRDDB1_sa10_20260702221142.txt → TCLFSLPRDDB1
[2026-07-02 22:11:49] INFO     | sar_watcher | Converting binary SAR via WSL: sa11
[2026-07-02 22:11:56] INFO     | sar_watcher |   Converted → TCLFSLPRDDB1_sa11_20260702221149.txt (1,750,843 bytes)
[2026-07-02 22:11:56] INFO     | sar_watcher | 📝 Queued [binary_converted]: TCLFSLPRDDB1_sa11_20260702221149.txt → TCLFSLPRDDB1
[2026-07-02 22:11:56] INFO     | sar_watcher | Converting binary SAR via WSL: sa12
[2026-07-02 22:12:02] INFO     | sar_watcher |   Converted → TCLFSLPRDDB1_sa12_20260702221156.txt (1,750,851 bytes)
[2026-07-02 22:12:02] INFO     | sar_watcher | 📝 Queued [binary_converted]: TCLFSLPRDDB1_sa12_20260702221156.txt → TCLFSLPRDDB1
[2026-07-02 22:12:02] INFO     | sar_watcher | Converting binary SAR via WSL: sa13
[2026-07-02 22:12:03] INFO     | sar_watcher |   Converted → TCLFSLPRDDB1_sa13_20260702221202.txt (142,906 bytes)
[2026-07-02 22:12:03] INFO     | sar_watcher | 📝 Queued [binary_converted]: TCLFSLPRDDB1_sa13_20260702221202.txt → TCLFSLPRDDB1
[2026-07-02 22:12:03] INFO     | sar_watcher | Converting binary SAR via WSL: sa14
[2026-07-02 22:12:10] INFO     | sar_watcher |   Converted → TCLFSLPRDDB1_sa14_20260702221203.txt (2,338,355 bytes)
[2026-07-02 22:12:10] INFO     | sar_watcher | 📝 Queued [binary_converted]: TCLFSLPRDDB1_sa14_20260702221203.txt → TCLFSLPRDDB1
[2026-07-02 22:12:10] INFO     | sar_watcher | Converting binary SAR via WSL: sa15
[2026-07-02 22:12:14] INFO     | sar_watcher |   Converted → TCLFSLPRDDB1_sa15_20260702221210.txt (2,338,339 bytes)
[2026-07-02 22:12:14] INFO     | sar_watcher | 📝 Queued [binary_converted]: TCLFSLPRDDB1_sa15_20260702221210.txt → TCLFSLPRDDB1
[2026-07-02 22:12:14] INFO     | sar_watcher | Converting binary SAR via WSL: sa16
[2026-07-02 22:16:26] WARNING  | sar_watcher | ⚠  WSL not available — binary SAR files will be skipped
[2026-07-02 22:17:13] INFO     | sar_watcher | ✅ WSL available — binary SAR files will be auto-converted
[2026-07-02 22:17:13] INFO     | sar_watcher | 🔍 SAR Watcher started. Monitoring: C:\AWR_Insight_Portal_v2\sar_drop
[2026-07-02 22:17:13] INFO     | sar_watcher |    Drop layout : C:\AWR_Insight_Portal_v2\sar_drop\<HOSTNAME>\sa01  OR  C:\AWR_Insight_Portal_v2\sar_drop\<HOSTNAME>_filename.txt
[2026-07-02 22:17:13] INFO     | sar_watcher |    SAR queues  : C:\AWR_Insight_Portal_v2\sar_queues
[2026-07-02 22:17:13] INFO     | sar_watcher |    Archive     : C:\AWR_Insight_Portal_v2\sar_archive
[2026-07-02 22:17:13] INFO     | sar_watcher | Converting binary SAR via WSL: sa02.processing
[2026-07-02 22:17:18] INFO     | sar_watcher |   Converted → TCLFSLPRDDB1_sa02_20260702221713.txt (1,750,851 bytes)
[2026-07-02 22:17:18] INFO     | sar_watcher | 📝 Queued [binary_converted]: TCLFSLPRDDB1_sa02_20260702221713.txt → TCLFSLPRDDB1
[2026-07-02 22:17:18] INFO     | sar_watcher | Converting binary SAR via WSL: sa03.processing
[2026-07-02 22:17:22] INFO     | sar_watcher |   Converted → TCLFSLPRDDB1_sa03_20260702221718.txt (1,750,870 bytes)
[2026-07-02 22:17:22] INFO     | sar_watcher | 📝 Queued [binary_converted]: TCLFSLPRDDB1_sa03_20260702221718.txt → TCLFSLPRDDB1
[2026-07-02 22:17:22] INFO     | sar_watcher | Converting binary SAR via WSL: sa04.processing
[2026-07-02 22:17:26] INFO     | sar_watcher |   Converted → TCLFSLPRDDB1_sa04_20260702221722.txt (1,750,835 bytes)
[2026-07-02 22:17:26] INFO     | sar_watcher | 📝 Queued [binary_converted]: TCLFSLPRDDB1_sa04_20260702221722.txt → TCLFSLPRDDB1
[2026-07-02 22:24:11] INFO     | sar_watcher | Converting binary SAR via WSL: sa05.processing
[2026-07-02 22:24:19] INFO     | sar_watcher |   Converted → TCLFSLPRDDB1_sa05_20260702222411.txt (1,750,889 bytes)
[2026-07-02 22:24:19] INFO     | sar_watcher | 📝 Queued [binary_converted]: TCLFSLPRDDB1_sa05_20260702222411.txt → TCLFSLPRDDB1
[2026-07-02 22:24:19] INFO     | sar_watcher | Converting binary SAR via WSL: sa06.processing
[2026-07-02 22:24:23] INFO     | sar_watcher |   Converted → TCLFSLPRDDB1_sa06_20260702222419.txt (1,750,848 bytes)
[2026-07-02 22:24:23] INFO     | sar_watcher | 📝 Queued [binary_converted]: TCLFSLPRDDB1_sa06_20260702222419.txt → TCLFSLPRDDB1
[2026-07-02 22:24:23] INFO     | sar_watcher | Converting binary SAR via WSL: sa07.processing
[2026-07-02 22:24:26] INFO     | sar_watcher |   Converted → TCLFSLPRDDB1_sa07_20260702222423.txt (1,750,834 bytes)
[2026-07-02 22:24:27] INFO     | sar_watcher | 📝 Queued [binary_converted]: TCLFSLPRDDB1_sa07_20260702222423.txt → TCLFSLPRDDB1
[2026-07-02 22:24:27] INFO     | sar_watcher | Converting binary SAR via WSL: sa08.processing
[2026-07-02 22:24:31] INFO     | sar_watcher |   Converted → TCLFSLPRDDB1_sa08_20260702222427.txt (1,750,838 bytes)
[2026-07-02 22:24:31] INFO     | sar_watcher | 📝 Queued [binary_converted]: TCLFSLPRDDB1_sa08_20260702222427.txt → TCLFSLPRDDB1
[2026-07-02 22:24:31] INFO     | sar_watcher | Converting binary SAR via WSL: sa09.processing
[2026-07-02 22:24:36] INFO     | sar_watcher |   Converted → TCLFSLPRDDB1_sa09_20260702222431.txt (1,750,891 bytes)
[2026-07-02 22:24:36] INFO     | sar_watcher | 📝 Queued [binary_converted]: TCLFSLPRDDB1_sa09_20260702222431.txt → TCLFSLPRDDB1
[2026-07-02 22:24:36] INFO     | sar_watcher | Converting binary SAR via WSL: sa10.processing
[2026-07-02 22:24:40] INFO     | sar_watcher |   Converted → TCLFSLPRDDB1_sa10_20260702222436.txt (1,750,894 bytes)
[2026-07-02 22:24:40] INFO     | sar_watcher | 📝 Queued [binary_converted]: TCLFSLPRDDB1_sa10_20260702222436.txt → TCLFSLPRDDB1
[2026-07-02 22:24:40] INFO     | sar_watcher | Converting binary SAR via WSL: sa11.processing
[2026-07-02 22:24:44] INFO     | sar_watcher |   Converted → TCLFSLPRDDB1_sa11_20260702222440.txt (1,750,843 bytes)
[2026-07-02 22:24:44] INFO     | sar_watcher | 📝 Queued [binary_converted]: TCLFSLPRDDB1_sa11_20260702222440.txt → TCLFSLPRDDB1
[2026-07-02 22:24:44] INFO     | sar_watcher | Converting binary SAR via WSL: sa12.processing
[2026-07-02 22:24:50] INFO     | sar_watcher |   Converted → TCLFSLPRDDB1_sa12_20260702222444.txt (1,750,851 bytes)
[2026-07-02 22:24:50] INFO     | sar_watcher | 📝 Queued [binary_converted]: TCLFSLPRDDB1_sa12_20260702222444.txt → TCLFSLPRDDB1
[2026-07-02 22:24:50] INFO     | sar_watcher | Converting binary SAR via WSL: sa13.processing
[2026-07-02 22:24:51] INFO     | sar_watcher |   Converted → TCLFSLPRDDB1_sa13_20260702222450.txt (142,906 bytes)
[2026-07-02 22:24:51] INFO     | sar_watcher | 📝 Queued [binary_converted]: TCLFSLPRDDB1_sa13_20260702222450.txt → TCLFSLPRDDB1
[2026-07-02 22:24:51] INFO     | sar_watcher | Converting binary SAR via WSL: sa14.processing
[2026-07-02 22:24:56] INFO     | sar_watcher |   Converted → TCLFSLPRDDB1_sa14_20260702222451.txt (2,338,355 bytes)
[2026-07-02 22:24:56] INFO     | sar_watcher | 📝 Queued [binary_converted]: TCLFSLPRDDB1_sa14_20260702222451.txt → TCLFSLPRDDB1
[2026-07-02 22:24:56] INFO     | sar_watcher | Converting binary SAR via WSL: sa15.processing
[2026-07-02 22:25:02] INFO     | sar_watcher |   Converted → TCLFSLPRDDB1_sa15_20260702222456.txt (2,338,339 bytes)
[2026-07-02 22:25:02] INFO     | sar_watcher | 📝 Queued [binary_converted]: TCLFSLPRDDB1_sa15_20260702222456.txt → TCLFSLPRDDB1
[2026-07-02 22:25:02] INFO     | sar_watcher | Converting binary SAR via WSL: sa16.processing
[2026-07-02 22:25:07] INFO     | sar_watcher |   Converted → TCLFSLPRDDB1_sa16_20260702222502.txt (2,338,409 bytes)
[2026-07-02 22:25:07] INFO     | sar_watcher | 📝 Queued [binary_converted]: TCLFSLPRDDB1_sa16_20260702222502.txt → TCLFSLPRDDB1
[2026-07-02 22:25:07] INFO     | sar_watcher | Converting binary SAR via WSL: sa17.processing
[2026-07-02 22:25:12] INFO     | sar_watcher |   Converted → TCLFSLPRDDB1_sa17_20260702222507.txt (2,338,444 bytes)
[2026-07-02 22:25:12] INFO     | sar_watcher | 📝 Queued [binary_converted]: TCLFSLPRDDB1_sa17_20260702222507.txt → TCLFSLPRDDB1
[2026-07-02 22:25:12] INFO     | sar_watcher | Converting binary SAR via WSL: sa18.processing
[2026-07-02 22:25:18] INFO     | sar_watcher |   Converted → TCLFSLPRDDB1_sa18_20260702222512.txt (2,338,391 bytes)
[2026-07-02 22:25:18] INFO     | sar_watcher | 📝 Queued [binary_converted]: TCLFSLPRDDB1_sa18_20260702222512.txt → TCLFSLPRDDB1
[2026-07-02 22:25:18] INFO     | sar_watcher | Converting binary SAR via WSL: sa19.processing
[2026-07-02 22:25:22] INFO     | sar_watcher |   Converted → TCLFSLPRDDB1_sa19_20260702222518.txt (2,338,378 bytes)
[2026-07-02 22:25:22] INFO     | sar_watcher | 📝 Queued [binary_converted]: TCLFSLPRDDB1_sa19_20260702222518.txt → TCLFSLPRDDB1
[2026-07-02 22:25:22] INFO     | sar_watcher | Converting binary SAR via WSL: sa20.processing
[2026-07-02 22:25:26] INFO     | sar_watcher |   Converted → TCLFSLPRDDB1_sa20_20260702222522.txt (2,338,390 bytes)
[2026-07-02 22:25:26] INFO     | sar_watcher | 📝 Queued [binary_converted]: TCLFSLPRDDB1_sa20_20260702222522.txt → TCLFSLPRDDB1
[2026-07-02 22:25:26] INFO     | sar_watcher | Converting binary SAR via WSL: sa21.processing
[2026-07-02 22:25:30] INFO     | sar_watcher |   Converted → TCLFSLPRDDB1_sa21_20260702222526.txt (2,338,400 bytes)
[2026-07-02 22:25:30] INFO     | sar_watcher | 📝 Queued [binary_converted]: TCLFSLPRDDB1_sa21_20260702222526.txt → TCLFSLPRDDB1
[2026-07-02 22:25:30] INFO     | sar_watcher | Converting binary SAR via WSL: sa22.processing
[2026-07-02 22:25:34] INFO     | sar_watcher |   Converted → TCLFSLPRDDB1_sa22_20260702222530.txt (2,338,361 bytes)
[2026-07-02 22:25:34] INFO     | sar_watcher | 📝 Queued [binary_converted]: TCLFSLPRDDB1_sa22_20260702222530.txt → TCLFSLPRDDB1
[2026-07-02 22:25:34] INFO     | sar_watcher | Converting binary SAR via WSL: sa23.processing
[2026-07-02 22:25:37] INFO     | sar_watcher |   Converted → TCLFSLPRDDB1_sa23_20260702222534.txt (2,338,350 bytes)
[2026-07-02 22:25:38] INFO     | sar_watcher | 📝 Queued [binary_converted]: TCLFSLPRDDB1_sa23_20260702222534.txt → TCLFSLPRDDB1
[2026-07-02 22:25:38] INFO     | sar_watcher | Converting binary SAR via WSL: sa24.processing
[2026-07-02 22:25:42] INFO     | sar_watcher |   Converted → TCLFSLPRDDB1_sa24_20260702222538.txt (2,338,421 bytes)
[2026-07-02 22:25:42] INFO     | sar_watcher | 📝 Queued [binary_converted]: TCLFSLPRDDB1_sa24_20260702222538.txt → TCLFSLPRDDB1
[2026-07-02 22:25:42] INFO     | sar_watcher | Converting binary SAR via WSL: sa25.processing
[2026-07-02 22:25:46] INFO     | sar_watcher |   Converted → TCLFSLPRDDB1_sa25_20260702222542.txt (2,338,347 bytes)
[2026-07-02 22:25:46] INFO     | sar_watcher | 📝 Queued [binary_converted]: TCLFSLPRDDB1_sa25_20260702222542.txt → TCLFSLPRDDB1
[2026-07-02 22:25:46] INFO     | sar_watcher | Converting binary SAR via WSL: sa26.processing
[2026-07-02 22:25:48] INFO     | sar_watcher |   Converted → TCLFSLPRDDB1_sa26_20260702222546.txt (1,802,844 bytes)
[2026-07-02 22:25:48] INFO     | sar_watcher | 📝 Queued [binary_converted]: TCLFSLPRDDB1_sa26_20260702222546.txt → TCLFSLPRDDB1
[2026-07-02 22:25:48] INFO     | sar_watcher | Converting binary SAR via WSL: sa27.processing
[2026-07-02 22:25:52] INFO     | sar_watcher |   Converted → TCLFSLPRDDB1_sa27_20260702222548.txt (1,508,899 bytes)
[2026-07-02 22:25:52] INFO     | sar_watcher | 📝 Queued [binary_converted]: TCLFSLPRDDB1_sa27_20260702222548.txt → TCLFSLPRDDB1
[2026-07-02 22:25:52] INFO     | sar_watcher | Converting binary SAR via WSL: sa28.processing
[2026-07-02 22:25:58] INFO     | sar_watcher |   Converted → TCLFSLPRDDB1_sa28_20260702222552.txt (1,508,937 bytes)
[2026-07-02 22:25:58] INFO     | sar_watcher | 📝 Queued [binary_converted]: TCLFSLPRDDB1_sa28_20260702222552.txt → TCLFSLPRDDB1
[2026-07-02 22:25:58] INFO     | sar_watcher | Converting binary SAR via WSL: sa29.processing
[2026-07-02 22:26:05] INFO     | sar_watcher |   Converted → TCLFSLPRDDB1_sa29_20260702222558.txt (1,508,926 bytes)
[2026-07-02 22:26:05] INFO     | sar_watcher | 📝 Queued [binary_converted]: TCLFSLPRDDB1_sa29_20260702222558.txt → TCLFSLPRDDB1
[2026-07-02 22:26:05] INFO     | sar_watcher | Converting binary SAR via WSL: sa30.processing
[2026-07-02 22:26:06] INFO     | sar_watcher |   Converted → TCLFSLPRDDB1_sa30_20260702222605.txt (358,965 bytes)
[2026-07-02 22:26:06] INFO     | sar_watcher | 📝 Queued [binary_converted]: TCLFSLPRDDB1_sa30_20260702222605.txt → TCLFSLPRDDB1
[2026-07-03 12:30:07] INFO     | sar_watcher | ✅ WSL available — binary SAR files will be auto-converted
[2026-07-03 12:30:07] INFO     | sar_watcher | 🔍 SAR Watcher started. Monitoring: C:\AWR_Insight_Portal_v2\sar_drop
[2026-07-03 12:30:07] INFO     | sar_watcher |    Drop layout : C:\AWR_Insight_Portal_v2\sar_drop\<HOSTNAME>\sa01  OR  C:\AWR_Insight_Portal_v2\sar_drop\<HOSTNAME>_filename.txt
[2026-07-03 12:30:07] INFO     | sar_watcher |    SAR queues  : C:\AWR_Insight_Portal_v2\sar_queues
[2026-07-03 12:30:07] INFO     | sar_watcher |    Archive     : C:\AWR_Insight_Portal_v2\sar_archive
[2026-07-03 12:32:37] INFO     | sar_watcher | 📝 Queued [text]: LTPOL3VLMSDBO02_sa27.txt → LTPOL3VLMSDBO02
[2026-07-03 12:32:52] INFO     | sar_watcher | Converting binary SAR via WSL: sa02.processing
[2026-07-03 12:33:04] INFO     | sar_watcher |   Converted → TCLFSLPRDDB1_sa02_20260703123252.txt (1,750,851 bytes)
[2026-07-03 12:33:04] INFO     | sar_watcher | 📝 Queued [binary_converted]: TCLFSLPRDDB1_sa02_20260703123252.txt → TCLFSLPRDDB1
[2026-07-03 12:33:04] INFO     | sar_watcher | Converting binary SAR via WSL: sa03.processing
[2026-07-03 12:33:09] INFO     | sar_watcher |   Converted → TCLFSLPRDDB1_sa03_20260703123304.txt (1,750,870 bytes)
[2026-07-03 12:33:09] INFO     | sar_watcher | 📝 Queued [binary_converted]: TCLFSLPRDDB1_sa03_20260703123304.txt → TCLFSLPRDDB1
[2026-07-03 12:33:09] INFO     | sar_watcher | 📝 Queued [text]: sa03_text.txt → TCLFSLPRDDB1
[2026-07-03 12:33:09] INFO     | sar_watcher | Converting binary SAR via WSL: sa04.processing
[2026-07-03 12:33:14] INFO     | sar_watcher |   Converted → TCLFSLPRDDB1_sa04_20260703123309.txt (1,750,835 bytes)
[2026-07-03 12:33:14] INFO     | sar_watcher | 📝 Queued [binary_converted]: TCLFSLPRDDB1_sa04_20260703123309.txt → TCLFSLPRDDB1
[2026-07-03 12:33:14] INFO     | sar_watcher | Converting binary SAR via WSL: sa05.processing
[2026-07-03 12:33:19] INFO     | sar_watcher |   Converted → TCLFSLPRDDB1_sa05_20260703123314.txt (1,750,889 bytes)
[2026-07-03 12:33:19] INFO     | sar_watcher | 📝 Queued [binary_converted]: TCLFSLPRDDB1_sa05_20260703123314.txt → TCLFSLPRDDB1
[2026-07-03 12:43:19] INFO     | sar_watcher | Converting binary SAR via WSL: sa06.processing
[2026-07-03 12:43:31] INFO     | sar_watcher |   Converted → TCLFSLPRDDB1_sa06_20260703124319.txt (1,750,848 bytes)
[2026-07-03 12:43:31] INFO     | sar_watcher | 📝 Queued [binary_converted]: TCLFSLPRDDB1_sa06_20260703124319.txt → TCLFSLPRDDB1
[2026-07-03 12:43:31] INFO     | sar_watcher | Converting binary SAR via WSL: sa07.processing
[2026-07-03 12:43:37] INFO     | sar_watcher |   Converted → TCLFSLPRDDB1_sa07_20260703124331.txt (1,750,834 bytes)
[2026-07-03 12:43:37] INFO     | sar_watcher | 📝 Queued [binary_converted]: TCLFSLPRDDB1_sa07_20260703124331.txt → TCLFSLPRDDB1
[2026-07-03 12:43:37] INFO     | sar_watcher | Converting binary SAR via WSL: sa08.processing
[2026-07-03 12:43:46] INFO     | sar_watcher |   Converted → TCLFSLPRDDB1_sa08_20260703124337.txt (1,750,838 bytes)
[2026-07-03 12:43:46] INFO     | sar_watcher | 📝 Queued [binary_converted]: TCLFSLPRDDB1_sa08_20260703124337.txt → TCLFSLPRDDB1
[2026-07-03 12:43:46] INFO     | sar_watcher | Converting binary SAR via WSL: sa09.processing
[2026-07-03 12:43:56] INFO     | sar_watcher |   Converted → TCLFSLPRDDB1_sa09_20260703124346.txt (1,750,891 bytes)
[2026-07-03 12:43:56] INFO     | sar_watcher | 📝 Queued [binary_converted]: TCLFSLPRDDB1_sa09_20260703124346.txt → TCLFSLPRDDB1
[2026-07-03 12:43:56] INFO     | sar_watcher | Converting binary SAR via WSL: sa10.processing
[2026-07-03 12:44:04] INFO     | sar_watcher |   Converted → TCLFSLPRDDB1_sa10_20260703124356.txt (1,750,894 bytes)
[2026-07-03 12:44:04] INFO     | sar_watcher | 📝 Queued [binary_converted]: TCLFSLPRDDB1_sa10_20260703124356.txt → TCLFSLPRDDB1
[2026-07-03 12:44:04] INFO     | sar_watcher | Converting binary SAR via WSL: sa11.processing
[2026-07-03 12:44:13] INFO     | sar_watcher |   Converted → TCLFSLPRDDB1_sa11_20260703124404.txt (1,750,843 bytes)
[2026-07-03 12:44:13] INFO     | sar_watcher | 📝 Queued [binary_converted]: TCLFSLPRDDB1_sa11_20260703124404.txt → TCLFSLPRDDB1
[2026-07-03 12:44:13] INFO     | sar_watcher | Converting binary SAR via WSL: sa12.processing
[2026-07-03 12:44:21] INFO     | sar_watcher |   Converted → TCLFSLPRDDB1_sa12_20260703124413.txt (1,750,851 bytes)
[2026-07-03 12:44:21] INFO     | sar_watcher | 📝 Queued [binary_converted]: TCLFSLPRDDB1_sa12_20260703124413.txt → TCLFSLPRDDB1
[2026-07-03 12:44:21] INFO     | sar_watcher | Converting binary SAR via WSL: sa13.processing
[2026-07-03 12:44:22] INFO     | sar_watcher |   Converted → TCLFSLPRDDB1_sa13_20260703124421.txt (142,906 bytes)
[2026-07-03 12:44:22] INFO     | sar_watcher | 📝 Queued [binary_converted]: TCLFSLPRDDB1_sa13_20260703124421.txt → TCLFSLPRDDB1
[2026-07-03 12:44:22] INFO     | sar_watcher | Converting binary SAR via WSL: sa14.processing
[2026-07-03 12:44:31] INFO     | sar_watcher |   Converted → TCLFSLPRDDB1_sa14_20260703124422.txt (2,338,355 bytes)
[2026-07-03 12:44:31] INFO     | sar_watcher | 📝 Queued [binary_converted]: TCLFSLPRDDB1_sa14_20260703124422.txt → TCLFSLPRDDB1
[2026-07-03 12:44:31] INFO     | sar_watcher | Converting binary SAR via WSL: sa15.processing
[2026-07-03 12:44:41] INFO     | sar_watcher |   Converted → TCLFSLPRDDB1_sa15_20260703124431.txt (2,338,339 bytes)
[2026-07-03 12:44:41] INFO     | sar_watcher | 📝 Queued [binary_converted]: TCLFSLPRDDB1_sa15_20260703124431.txt → TCLFSLPRDDB1
[2026-07-03 12:44:41] INFO     | sar_watcher | Converting binary SAR via WSL: sa16.processing
[2026-07-03 12:44:50] INFO     | sar_watcher |   Converted → TCLFSLPRDDB1_sa16_20260703124441.txt (2,338,409 bytes)
[2026-07-03 12:44:50] INFO     | sar_watcher | 📝 Queued [binary_converted]: TCLFSLPRDDB1_sa16_20260703124441.txt → TCLFSLPRDDB1
[2026-07-03 12:44:50] INFO     | sar_watcher | Converting binary SAR via WSL: sa17.processing
[2026-07-03 12:44:59] INFO     | sar_watcher |   Converted → TCLFSLPRDDB1_sa17_20260703124450.txt (2,338,444 bytes)
[2026-07-03 12:44:59] INFO     | sar_watcher | 📝 Queued [binary_converted]: TCLFSLPRDDB1_sa17_20260703124450.txt → TCLFSLPRDDB1
[2026-07-03 12:44:59] INFO     | sar_watcher | Converting binary SAR via WSL: sa18.processing
[2026-07-03 12:45:06] INFO     | sar_watcher |   Converted → TCLFSLPRDDB1_sa18_20260703124459.txt (2,338,391 bytes)
[2026-07-03 12:45:06] INFO     | sar_watcher | 📝 Queued [binary_converted]: TCLFSLPRDDB1_sa18_20260703124459.txt → TCLFSLPRDDB1
[2026-07-03 12:45:06] INFO     | sar_watcher | Converting binary SAR via WSL: sa19.processing
[2026-07-03 12:45:13] INFO     | sar_watcher |   Converted → TCLFSLPRDDB1_sa19_20260703124506.txt (2,338,378 bytes)
[2026-07-03 12:45:13] INFO     | sar_watcher | 📝 Queued [binary_converted]: TCLFSLPRDDB1_sa19_20260703124506.txt → TCLFSLPRDDB1
[2026-07-03 12:45:13] INFO     | sar_watcher | Converting binary SAR via WSL: sa20.processing
[2026-07-03 12:45:22] INFO     | sar_watcher |   Converted → TCLFSLPRDDB1_sa20_20260703124513.txt (2,338,390 bytes)
[2026-07-03 12:45:22] INFO     | sar_watcher | 📝 Queued [binary_converted]: TCLFSLPRDDB1_sa20_20260703124513.txt → TCLFSLPRDDB1
[2026-07-03 12:45:22] INFO     | sar_watcher | Converting binary SAR via WSL: sa21.processing
[2026-07-03 12:45:30] INFO     | sar_watcher |   Converted → TCLFSLPRDDB1_sa21_20260703124522.txt (2,338,400 bytes)
[2026-07-03 12:45:30] INFO     | sar_watcher | 📝 Queued [binary_converted]: TCLFSLPRDDB1_sa21_20260703124522.txt → TCLFSLPRDDB1
[2026-07-03 12:45:30] INFO     | sar_watcher | Converting binary SAR via WSL: sa22.processing
[2026-07-03 12:45:38] INFO     | sar_watcher |   Converted → TCLFSLPRDDB1_sa22_20260703124530.txt (2,338,361 bytes)
[2026-07-03 12:45:38] INFO     | sar_watcher | 📝 Queued [binary_converted]: TCLFSLPRDDB1_sa22_20260703124530.txt → TCLFSLPRDDB1
[2026-07-03 12:45:38] INFO     | sar_watcher | Converting binary SAR via WSL: sa23.processing
[2026-07-03 12:45:47] INFO     | sar_watcher |   Converted → TCLFSLPRDDB1_sa23_20260703124538.txt (2,338,350 bytes)
[2026-07-03 12:45:47] INFO     | sar_watcher | 📝 Queued [binary_converted]: TCLFSLPRDDB1_sa23_20260703124538.txt → TCLFSLPRDDB1
[2026-07-03 12:45:47] INFO     | sar_watcher | Converting binary SAR via WSL: sa24.processing
[2026-07-03 12:45:56] INFO     | sar_watcher |   Converted → TCLFSLPRDDB1_sa24_20260703124547.txt (2,338,421 bytes)
[2026-07-03 12:45:56] INFO     | sar_watcher | 📝 Queued [binary_converted]: TCLFSLPRDDB1_sa24_20260703124547.txt → TCLFSLPRDDB1
[2026-07-03 12:45:56] INFO     | sar_watcher | Converting binary SAR via WSL: sa25.processing
[2026-07-03 12:46:05] INFO     | sar_watcher |   Converted → TCLFSLPRDDB1_sa25_20260703124556.txt (2,338,347 bytes)
[2026-07-03 12:46:05] INFO     | sar_watcher | 📝 Queued [binary_converted]: TCLFSLPRDDB1_sa25_20260703124556.txt → TCLFSLPRDDB1
[2026-07-03 12:46:05] INFO     | sar_watcher | Converting binary SAR via WSL: sa26.processing
[2026-07-03 12:46:12] INFO     | sar_watcher |   Converted → TCLFSLPRDDB1_sa26_20260703124605.txt (1,802,844 bytes)
[2026-07-03 12:46:12] INFO     | sar_watcher | 📝 Queued [binary_converted]: TCLFSLPRDDB1_sa26_20260703124605.txt → TCLFSLPRDDB1
[2026-07-03 12:46:12] INFO     | sar_watcher | Converting binary SAR via WSL: sa27.processing
[2026-07-03 12:46:21] INFO     | sar_watcher |   Converted → TCLFSLPRDDB1_sa27_20260703124612.txt (1,508,899 bytes)
[2026-07-03 12:46:21] INFO     | sar_watcher | 📝 Queued [binary_converted]: TCLFSLPRDDB1_sa27_20260703124612.txt → TCLFSLPRDDB1
[2026-07-03 12:46:21] INFO     | sar_watcher | Converting binary SAR via WSL: sa28.processing
[2026-07-03 12:46:29] INFO     | sar_watcher |   Converted → TCLFSLPRDDB1_sa28_20260703124621.txt (1,508,937 bytes)
[2026-07-03 12:46:29] INFO     | sar_watcher | 📝 Queued [binary_converted]: TCLFSLPRDDB1_sa28_20260703124621.txt → TCLFSLPRDDB1
[2026-07-03 12:46:29] INFO     | sar_watcher | Converting binary SAR via WSL: sa29.processing
[2026-07-03 12:46:37] INFO     | sar_watcher |   Converted → TCLFSLPRDDB1_sa29_20260703124629.txt (1,508,926 bytes)
[2026-07-03 12:46:38] INFO     | sar_watcher | 📝 Queued [binary_converted]: TCLFSLPRDDB1_sa29_20260703124629.txt → TCLFSLPRDDB1
[2026-07-03 12:46:38] INFO     | sar_watcher | Converting binary SAR via WSL: sa30.processing
[2026-07-03 12:46:40] INFO     | sar_watcher |   Converted → TCLFSLPRDDB1_sa30_20260703124638.txt (358,965 bytes)
[2026-07-03 12:46:40] INFO     | sar_watcher | 📝 Queued [binary_converted]: TCLFSLPRDDB1_sa30_20260703124638.txt → TCLFSLPRDDB1
[2026-07-03 14:02:36] INFO     | sar_watcher | ✅ WSL available — binary SAR files will be auto-converted
[2026-07-03 14:02:36] INFO     | sar_watcher | 🔍 SAR Watcher started. Monitoring: C:\AWR_Insight_Portal_v2\sar_drop
[2026-07-03 14:02:36] INFO     | sar_watcher |    Drop layout : C:\AWR_Insight_Portal_v2\sar_drop\<HOSTNAME>\sa01  OR  C:\AWR_Insight_Portal_v2\sar_drop\<HOSTNAME>_filename.txt
[2026-07-03 14:02:36] INFO     | sar_watcher |    SAR queues  : C:\AWR_Insight_Portal_v2\sar_queues
[2026-07-03 14:02:36] INFO     | sar_watcher |    Archive     : C:\AWR_Insight_Portal_v2\sar_archive
[2026-07-03 14:23:38] INFO     | sar_watcher | ✅ WSL available — binary SAR files will be auto-converted
[2026-07-03 14:23:38] INFO     | sar_watcher | 🔍 SAR Watcher started. Monitoring: C:\AWR_Insight_Portal_v2\sar_drop
[2026-07-03 14:23:38] INFO     | sar_watcher |    Drop layout : C:\AWR_Insight_Portal_v2\sar_drop\<HOSTNAME>\sa01  OR  C:\AWR_Insight_Portal_v2\sar_drop\<HOSTNAME>_filename.txt
[2026-07-03 14:23:38] INFO     | sar_watcher |    SAR queues  : C:\AWR_Insight_Portal_v2\sar_queues
[2026-07-03 14:23:38] INFO     | sar_watcher |    Archive     : C:\AWR_Insight_Portal_v2\sar_archive
[2026-07-06 09:56:49] INFO     | sar_watcher | ✅ WSL available — binary SAR files will be auto-converted
[2026-07-06 09:56:49] INFO     | sar_watcher | 🔍 SAR Watcher started. Monitoring: C:\AWR_Insight_Portal_v2\sar_drop
[2026-07-06 09:56:49] INFO     | sar_watcher |    Drop layout : C:\AWR_Insight_Portal_v2\sar_drop\<HOSTNAME>\sa01  OR  C:\AWR_Insight_Portal_v2\sar_drop\<HOSTNAME>_filename.txt
[2026-07-06 09:56:49] INFO     | sar_watcher |    SAR queues  : C:\AWR_Insight_Portal_v2\sar_queues
[2026-07-06 09:56:49] INFO     | sar_watcher |    Archive     : C:\AWR_Insight_Portal_v2\sar_archive
[2026-07-06 10:33:32] INFO     | sar_watcher | ✅ WSL available — binary SAR files will be auto-converted
[2026-07-06 10:33:32] INFO     | sar_watcher | 🔍 SAR Watcher started. Monitoring: C:\AWR_Insight_Portal_v2\sar_drop
[2026-07-06 10:33:32] INFO     | sar_watcher |    Drop layout : C:\AWR_Insight_Portal_v2\sar_drop\<HOSTNAME>\sa01  OR  C:\AWR_Insight_Portal_v2\sar_drop\<HOSTNAME>_filename.txt
[2026-07-06 10:33:32] INFO     | sar_watcher |    SAR queues  : C:\AWR_Insight_Portal_v2\sar_queues
[2026-07-06 10:33:32] INFO     | sar_watcher |    Archive     : C:\AWR_Insight_Portal_v2\sar_archive
